Analysis & Synthesis report for Lab6_Part1
Mon Nov 04 11:18:20 2019
Quartus Prime Version 18.1.0 Build 625 09/12/2018 SJ Lite Edition


---------------------
; Table of Contents ;
---------------------
  1. Legal Notice
  2. Analysis & Synthesis Summary
  3. Analysis & Synthesis Settings
  4. Parallel Compilation
  5. Analysis & Synthesis Source Files Read
  6. Analysis & Synthesis Resource Usage Summary
  7. Analysis & Synthesis Resource Utilization by Entity
  8. General Register Statistics
  9. Parameter Settings for User Entity Instance: Lab4_CPU:inst|74283:inst42
 10. Parameter Settings for User Entity Instance: Lab4_CPU:inst|74151:inst47
 11. Parameter Settings for User Entity Instance: Lab4_CPU:inst|74151:inst44
 12. Parameter Settings for User Entity Instance: Lab4_CPU:inst|74151:inst48
 13. Parameter Settings for User Entity Instance: Lab4_CPU:inst|74151:inst50
 14. Post-Synthesis Netlist Statistics for Top Partition
 15. Elapsed Time Per Partition
 16. Analysis & Synthesis Messages



----------------
; Legal Notice ;
----------------
Copyright (C) 2018  Intel Corporation. All rights reserved.
Your use of Intel Corporation's design tools, logic functions 
and other software and tools, and its AMPP partner logic 
functions, and any output files from any of the foregoing 
(including device programming or simulation files), and any 
associated documentation or information are expressly subject 
to the terms and conditions of the Intel Program License 
Subscription Agreement, the Intel Quartus Prime License Agreement,
the Intel FPGA IP License Agreement, or other applicable license
agreement, including, without limitation, that your use is for
the sole purpose of programming logic devices manufactured by
Intel and sold by Intel or its authorized distributors.  Please
refer to the applicable agreement for further details.



+----------------------------------------------------------------------------------+
; Analysis & Synthesis Summary                                                     ;
+------------------------------------+---------------------------------------------+
; Analysis & Synthesis Status        ; Successful - Mon Nov 04 11:18:20 2019       ;
; Quartus Prime Version              ; 18.1.0 Build 625 09/12/2018 SJ Lite Edition ;
; Revision Name                      ; Lab6_Part1                                  ;
; Top-level Entity Name              ; Lab6_Part1                                  ;
; Family                             ; MAX 10                                      ;
; Total logic elements               ; 27                                          ;
;     Total combinational functions  ; 25                                          ;
;     Dedicated logic registers      ; 11                                          ;
; Total registers                    ; 11                                          ;
; Total pins                         ; 29                                          ;
; Total virtual pins                 ; 0                                           ;
; Total memory bits                  ; 0                                           ;
; Embedded Multiplier 9-bit elements ; 0                                           ;
; Total PLLs                         ; 0                                           ;
; UFM blocks                         ; 0                                           ;
; ADC blocks                         ; 0                                           ;
+------------------------------------+---------------------------------------------+


+------------------------------------------------------------------------------------------------------------+
; Analysis & Synthesis Settings                                                                              ;
+------------------------------------------------------------------+--------------------+--------------------+
; Option                                                           ; Setting            ; Default Value      ;
+------------------------------------------------------------------+--------------------+--------------------+
; Device                                                           ; 10M02DCU324A6G     ;                    ;
; Top-level entity name                                            ; Lab6_Part1         ; Lab6_Part1         ;
; Family name                                                      ; MAX 10             ; Cyclone V          ;
; Use smart compilation                                            ; Off                ; Off                ;
; Enable parallel Assembler and Timing Analyzer during compilation ; On                 ; On                 ;
; Enable compact report table                                      ; Off                ; Off                ;
; Restructure Multiplexers                                         ; Auto               ; Auto               ;
; Create Debugging Nodes for IP Cores                              ; Off                ; Off                ;
; Preserve fewer node names                                        ; On                 ; On                 ;
; Intel FPGA IP Evaluation Mode                                    ; Enable             ; Enable             ;
; Verilog Version                                                  ; Verilog_2001       ; Verilog_2001       ;
; VHDL Version                                                     ; VHDL_1993          ; VHDL_1993          ;
; State Machine Processing                                         ; Auto               ; Auto               ;
; Safe State Machine                                               ; Off                ; Off                ;
; Extract Verilog State Machines                                   ; On                 ; On                 ;
; Extract VHDL State Machines                                      ; On                 ; On                 ;
; Ignore Verilog initial constructs                                ; Off                ; Off                ;
; Iteration limit for constant Verilog loops                       ; 5000               ; 5000               ;
; Iteration limit for non-constant Verilog loops                   ; 250                ; 250                ;
; Add Pass-Through Logic to Inferred RAMs                          ; On                 ; On                 ;
; Infer RAMs from Raw Logic                                        ; On                 ; On                 ;
; Parallel Synthesis                                               ; On                 ; On                 ;
; DSP Block Balancing                                              ; Auto               ; Auto               ;
; NOT Gate Push-Back                                               ; On                 ; On                 ;
; Power-Up Don't Care                                              ; On                 ; On                 ;
; Remove Redundant Logic Cells                                     ; Off                ; Off                ;
; Remove Duplicate Registers                                       ; On                 ; On                 ;
; Ignore CARRY Buffers                                             ; Off                ; Off                ;
; Ignore CASCADE Buffers                                           ; Off                ; Off                ;
; Ignore GLOBAL Buffers                                            ; Off                ; Off                ;
; Ignore ROW GLOBAL Buffers                                        ; Off                ; Off                ;
; Ignore LCELL Buffers                                             ; Off                ; Off                ;
; Ignore SOFT Buffers                                              ; On                 ; On                 ;
; Limit AHDL Integers to 32 Bits                                   ; Off                ; Off                ;
; Optimization Technique                                           ; Balanced           ; Balanced           ;
; Carry Chain Length                                               ; 70                 ; 70                 ;
; Auto Carry Chains                                                ; On                 ; On                 ;
; Auto Open-Drain Pins                                             ; On                 ; On                 ;
; Perform WYSIWYG Primitive Resynthesis                            ; Off                ; Off                ;
; Auto ROM Replacement                                             ; On                 ; On                 ;
; Auto RAM Replacement                                             ; On                 ; On                 ;
; Auto DSP Block Replacement                                       ; On                 ; On                 ;
; Auto Shift Register Replacement                                  ; Auto               ; Auto               ;
; Allow Shift Register Merging across Hierarchies                  ; Auto               ; Auto               ;
; Auto Clock Enable Replacement                                    ; On                 ; On                 ;
; Strict RAM Replacement                                           ; Off                ; Off                ;
; Allow Synchronous Control Signals                                ; On                 ; On                 ;
; Force Use of Synchronous Clear Signals                           ; Off                ; Off                ;
; Auto RAM Block Balancing                                         ; On                 ; On                 ;
; Auto RAM to Logic Cell Conversion                                ; Off                ; Off                ;
; Auto Resource Sharing                                            ; Off                ; Off                ;
; Allow Any RAM Size For Recognition                               ; Off                ; Off                ;
; Allow Any ROM Size For Recognition                               ; Off                ; Off                ;
; Allow Any Shift Register Size For Recognition                    ; Off                ; Off                ;
; Use LogicLock Constraints during Resource Balancing              ; On                 ; On                 ;
; Ignore translate_off and synthesis_off directives                ; Off                ; Off                ;
; Timing-Driven Synthesis                                          ; On                 ; On                 ;
; Report Parameter Settings                                        ; On                 ; On                 ;
; Report Source Assignments                                        ; On                 ; On                 ;
; Report Connectivity Checks                                       ; On                 ; On                 ;
; Ignore Maximum Fan-Out Assignments                               ; Off                ; Off                ;
; Synchronization Register Chain Length                            ; 2                  ; 2                  ;
; Power Optimization During Synthesis                              ; Normal compilation ; Normal compilation ;
; HDL message level                                                ; Level2             ; Level2             ;
; Suppress Register Optimization Related Messages                  ; Off                ; Off                ;
; Number of Removed Registers Reported in Synthesis Report         ; 5000               ; 5000               ;
; Number of Swept Nodes Reported in Synthesis Report               ; 5000               ; 5000               ;
; Number of Inverted Registers Reported in Synthesis Report        ; 100                ; 100                ;
; Clock MUX Protection                                             ; On                 ; On                 ;
; Auto Gated Clock Conversion                                      ; Off                ; Off                ;
; Block Design Naming                                              ; Auto               ; Auto               ;
; SDC constraint protection                                        ; Off                ; Off                ;
; Synthesis Effort                                                 ; Auto               ; Auto               ;
; Shift Register Replacement - Allow Asynchronous Clear Signal     ; On                 ; On                 ;
; Pre-Mapping Resynthesis Optimization                             ; Off                ; Off                ;
; Analysis & Synthesis Message Level                               ; Medium             ; Medium             ;
; Disable Register Merging Across Hierarchies                      ; Auto               ; Auto               ;
; Resource Aware Inference For Block RAM                           ; On                 ; On                 ;
+------------------------------------------------------------------+--------------------+--------------------+


+------------------------------------------+
; Parallel Compilation                     ;
+----------------------------+-------------+
; Processors                 ; Number      ;
+----------------------------+-------------+
; Number detected on machine ; 4           ;
; Maximum allowed            ; 4           ;
;                            ;             ;
; Average used               ; 1.00        ;
; Maximum used               ; 4           ;
;                            ;             ;
; Usage by Processor         ; % Time Used ;
;     Processor 1            ; 100.0%      ;
;     Processors 2-4         ;   0.0%      ;
+----------------------------+-------------+


+-------------------------------------------------------------------------------------------------------------------------------------------------------------------------------+
; Analysis & Synthesis Source Files Read                                                                                                                                        ;
+----------------------------------+-----------------+------------------------------------------+---------------------------------------------------------------------+---------+
; File Name with User-Entered Path ; Used in Netlist ; File Type                                ; File Name with Absolute Path                                        ; Library ;
+----------------------------------+-----------------+------------------------------------------+---------------------------------------------------------------------+---------+
; Lab6_Part1.bdf                   ; yes             ; User Block Diagram/Schematic File        ; C:/Users/conno/Desktop/Lab6_Part1/Lab6_Part1.bdf                    ;         ;
; CONTROLLER.vhd                   ; yes             ; User VHDL File                           ; C:/Users/conno/Desktop/Lab6_Part1/CONTROLLER.vhd                    ;         ;
; 21mux.bdf                        ; yes             ; Megafunction                             ; c:/intelfpga_lite/18.1/quartus/libraries/others/maxplus2/21mux.bdf  ;         ;
; lab4_cpu.bdf                     ; yes             ; Auto-Found Block Diagram/Schematic File  ; C:/Users/conno/Desktop/Lab6_Part1/lab4_cpu.bdf                      ;         ;
; 74283.tdf                        ; yes             ; Megafunction                             ; c:/intelfpga_lite/18.1/quartus/libraries/others/maxplus2/74283.tdf  ;         ;
; aglobal.inc                      ; yes             ; Megafunction                             ; c:/intelfpga_lite/18.1/quartus/libraries/megafunctions/aglobal.inc  ;         ;
; f74283.bdf                       ; yes             ; Megafunction                             ; c:/intelfpga_lite/18.1/quartus/libraries/others/maxplus2/f74283.bdf ;         ;
; 74153.bdf                        ; yes             ; Megafunction                             ; c:/intelfpga_lite/18.1/quartus/libraries/others/maxplus2/74153.bdf  ;         ;
; 74151.tdf                        ; yes             ; Megafunction                             ; c:/intelfpga_lite/18.1/quartus/libraries/others/maxplus2/74151.tdf  ;         ;
; f74151.bdf                       ; yes             ; Megafunction                             ; c:/intelfpga_lite/18.1/quartus/libraries/others/maxplus2/f74151.bdf ;         ;
+----------------------------------+-----------------+------------------------------------------+---------------------------------------------------------------------+---------+


+---------------------------------------------------------+
; Analysis & Synthesis Resource Usage Summary             ;
+---------------------------------------------+-----------+
; Resource                                    ; Usage     ;
+---------------------------------------------+-----------+
; Estimated Total logic elements              ; 27        ;
;                                             ;           ;
; Total combinational functions               ; 25        ;
; Logic element usage by number of LUT inputs ;           ;
;     -- 4 input functions                    ; 8         ;
;     -- 3 input functions                    ; 15        ;
;     -- <=2 input functions                  ; 2         ;
;                                             ;           ;
; Logic elements by mode                      ;           ;
;     -- normal mode                          ; 25        ;
;     -- arithmetic mode                      ; 0         ;
;                                             ;           ;
; Total registers                             ; 11        ;
;     -- Dedicated logic registers            ; 11        ;
;     -- I/O registers                        ; 0         ;
;                                             ;           ;
; I/O pins                                    ; 29        ;
;                                             ;           ;
; Embedded Multiplier 9-bit elements          ; 0         ;
;                                             ;           ;
; Maximum fan-out node                        ; CLK~input ;
; Maximum fan-out                             ; 11        ;
; Total fan-out                               ; 168       ;
; Average fan-out                             ; 1.79      ;
+---------------------------------------------+-----------+


+------------------------------------------------------------------------------------------------------------------------------------------------------------------------------------------------------------------------------------------------------------------+
; Analysis & Synthesis Resource Utilization by Entity                                                                                                                                                                                                              ;
+----------------------------+---------------------+---------------------------+-------------+------------+--------------+---------+-----------+------+--------------+------------+---------------------------------------------------+-------------+--------------+
; Compilation Hierarchy Node ; Combinational ALUTs ; Dedicated Logic Registers ; Memory Bits ; UFM Blocks ; DSP Elements ; DSP 9x9 ; DSP 18x18 ; Pins ; Virtual Pins ; ADC blocks ; Full Hierarchy Name                               ; Entity Name ; Library Name ;
+----------------------------+---------------------+---------------------------+-------------+------------+--------------+---------+-----------+------+--------------+------------+---------------------------------------------------+-------------+--------------+
; |Lab6_Part1                ; 25 (1)              ; 11 (3)                    ; 0           ; 0          ; 0            ; 0       ; 0         ; 29   ; 0            ; 0          ; |Lab6_Part1                                       ; Lab6_Part1  ; work         ;
;    |21mux:inst2|           ; 1 (1)               ; 0 (0)                     ; 0           ; 0          ; 0            ; 0       ; 0         ; 0    ; 0            ; 0          ; |Lab6_Part1|21mux:inst2                           ; 21mux       ; work         ;
;    |CONTROLLER:inst1|      ; 3 (3)               ; 0 (0)                     ; 0           ; 0          ; 0            ; 0       ; 0         ; 0    ; 0            ; 0          ; |Lab6_Part1|CONTROLLER:inst1                      ; CONTROLLER  ; work         ;
;    |Lab4_CPU:inst|         ; 20 (4)              ; 8 (8)                     ; 0           ; 0          ; 0            ; 0       ; 0         ; 0    ; 0            ; 0          ; |Lab6_Part1|Lab4_CPU:inst                         ; Lab4_CPU    ; work         ;
;       |74151:inst44|       ; 3 (0)               ; 0 (0)                     ; 0           ; 0          ; 0            ; 0       ; 0         ; 0    ; 0            ; 0          ; |Lab6_Part1|Lab4_CPU:inst|74151:inst44            ; 74151       ; work         ;
;          |f74151:sub|      ; 3 (3)               ; 0 (0)                     ; 0           ; 0          ; 0            ; 0       ; 0         ; 0    ; 0            ; 0          ; |Lab6_Part1|Lab4_CPU:inst|74151:inst44|f74151:sub ; f74151      ; work         ;
;       |74151:inst47|       ; 2 (0)               ; 0 (0)                     ; 0           ; 0          ; 0            ; 0       ; 0         ; 0    ; 0            ; 0          ; |Lab6_Part1|Lab4_CPU:inst|74151:inst47            ; 74151       ; work         ;
;          |f74151:sub|      ; 2 (2)               ; 0 (0)                     ; 0           ; 0          ; 0            ; 0       ; 0         ; 0    ; 0            ; 0          ; |Lab6_Part1|Lab4_CPU:inst|74151:inst47|f74151:sub ; f74151      ; work         ;
;       |74151:inst48|       ; 2 (0)               ; 0 (0)                     ; 0           ; 0          ; 0            ; 0       ; 0         ; 0    ; 0            ; 0          ; |Lab6_Part1|Lab4_CPU:inst|74151:inst48            ; 74151       ; work         ;
;          |f74151:sub|      ; 2 (2)               ; 0 (0)                     ; 0           ; 0          ; 0            ; 0       ; 0         ; 0    ; 0            ; 0          ; |Lab6_Part1|Lab4_CPU:inst|74151:inst48|f74151:sub ; f74151      ; work         ;
;       |74151:inst50|       ; 2 (0)               ; 0 (0)                     ; 0           ; 0          ; 0            ; 0       ; 0         ; 0    ; 0            ; 0          ; |Lab6_Part1|Lab4_CPU:inst|74151:inst50            ; 74151       ; work         ;
;          |f74151:sub|      ; 2 (2)               ; 0 (0)                     ; 0           ; 0          ; 0            ; 0       ; 0         ; 0    ; 0            ; 0          ; |Lab6_Part1|Lab4_CPU:inst|74151:inst50|f74151:sub ; f74151      ; work         ;
;       |74153:inst5|        ; 2 (2)               ; 0 (0)                     ; 0           ; 0          ; 0            ; 0       ; 0         ; 0    ; 0            ; 0          ; |Lab6_Part1|Lab4_CPU:inst|74153:inst5             ; 74153       ; work         ;
;       |74153:inst6|        ; 2 (2)               ; 0 (0)                     ; 0           ; 0          ; 0            ; 0       ; 0         ; 0    ; 0            ; 0          ; |Lab6_Part1|Lab4_CPU:inst|74153:inst6             ; 74153       ; work         ;
;       |74283:inst42|       ; 3 (0)               ; 0 (0)                     ; 0           ; 0          ; 0            ; 0       ; 0         ; 0    ; 0            ; 0          ; |Lab6_Part1|Lab4_CPU:inst|74283:inst42            ; 74283       ; work         ;
;          |f74283:sub|      ; 3 (3)               ; 0 (0)                     ; 0           ; 0          ; 0            ; 0       ; 0         ; 0    ; 0            ; 0          ; |Lab6_Part1|Lab4_CPU:inst|74283:inst42|f74283:sub ; f74283      ; work         ;
+----------------------------+---------------------+---------------------------+-------------+------------+--------------+---------+-----------+------+--------------+------------+---------------------------------------------------+-------------+--------------+
Note: For table entries with two numbers listed, the numbers in parentheses indicate the number of resources of the given type used by the specific entity alone. The numbers listed outside of parentheses indicate the total resources of the given type used by the specific entity and all of its sub-entities in the hierarchy.


+------------------------------------------------------+
; General Register Statistics                          ;
+----------------------------------------------+-------+
; Statistic                                    ; Value ;
+----------------------------------------------+-------+
; Total registers                              ; 11    ;
; Number of registers using Synchronous Clear  ; 0     ;
; Number of registers using Synchronous Load   ; 4     ;
; Number of registers using Asynchronous Clear ; 0     ;
; Number of registers using Asynchronous Load  ; 0     ;
; Number of registers using Clock Enable       ; 6     ;
; Number of registers using Preset             ; 0     ;
+----------------------------------------------+-------+


+-------------------------------------------------------------------------+
; Parameter Settings for User Entity Instance: Lab4_CPU:inst|74283:inst42 ;
+------------------------+--------+---------------------------------------+
; Parameter Name         ; Value  ; Type                                  ;
+------------------------+--------+---------------------------------------+
; DEVICE_FAMILY          ; MAX 10 ; Untyped                               ;
; AUTO_CARRY_CHAINS      ; ON     ; AUTO_CARRY                            ;
; IGNORE_CARRY_BUFFERS   ; OFF    ; IGNORE_CARRY                          ;
; AUTO_CASCADE_CHAINS    ; ON     ; AUTO_CASCADE                          ;
; IGNORE_CASCADE_BUFFERS ; OFF    ; IGNORE_CASCADE                        ;
+------------------------+--------+---------------------------------------+
Note: In order to hide this table in the UI and the text report file, please set the "Show Parameter Settings in Synthesis Report" option in "Analysis and Synthesis Settings -> More Settings" to "Off".


+-------------------------------------------------------------------------+
; Parameter Settings for User Entity Instance: Lab4_CPU:inst|74151:inst47 ;
+------------------------+--------+---------------------------------------+
; Parameter Name         ; Value  ; Type                                  ;
+------------------------+--------+---------------------------------------+
; DEVICE_FAMILY          ; MAX 10 ; Untyped                               ;
; AUTO_CARRY_CHAINS      ; ON     ; AUTO_CARRY                            ;
; IGNORE_CARRY_BUFFERS   ; OFF    ; IGNORE_CARRY                          ;
; AUTO_CASCADE_CHAINS    ; ON     ; AUTO_CASCADE                          ;
; IGNORE_CASCADE_BUFFERS ; OFF    ; IGNORE_CASCADE                        ;
+------------------------+--------+---------------------------------------+
Note: In order to hide this table in the UI and the text report file, please set the "Show Parameter Settings in Synthesis Report" option in "Analysis and Synthesis Settings -> More Settings" to "Off".


+-------------------------------------------------------------------------+
; Parameter Settings for User Entity Instance: Lab4_CPU:inst|74151:inst44 ;
+------------------------+--------+---------------------------------------+
; Parameter Name         ; Value  ; Type                                  ;
+------------------------+--------+---------------------------------------+
; DEVICE_FAMILY          ; MAX 10 ; Untyped                               ;
; AUTO_CARRY_CHAINS      ; ON     ; AUTO_CARRY                            ;
; IGNORE_CARRY_BUFFERS   ; OFF    ; IGNORE_CARRY                          ;
; AUTO_CASCADE_CHAINS    ; ON     ; AUTO_CASCADE                          ;
; IGNORE_CASCADE_BUFFERS ; OFF    ; IGNORE_CASCADE                        ;
+------------------------+--------+---------------------------------------+
Note: In order to hide this table in the UI and the text report file, please set the "Show Parameter Settings in Synthesis Report" option in "Analysis and Synthesis Settings -> More Settings" to "Off".


+-------------------------------------------------------------------------+
; Parameter Settings for User Entity Instance: Lab4_CPU:inst|74151:inst48 ;
+------------------------+--------+---------------------------------------+
; Parameter Name         ; Value  ; Type                                  ;
+------------------------+--------+---------------------------------------+
; DEVICE_FAMILY          ; MAX 10 ; Untyped                               ;
; AUTO_CARRY_CHAINS      ; ON     ; AUTO_CARRY                            ;
; IGNORE_CARRY_BUFFERS   ; OFF    ; IGNORE_CARRY                          ;
; AUTO_CASCADE_CHAINS    ; ON     ; AUTO_CASCADE                          ;
; IGNORE_CASCADE_BUFFERS ; OFF    ; IGNORE_CASCADE                        ;
+------------------------+--------+---------------------------------------+
Note: In order to hide this table in the UI and the text report file, please set the "Show Parameter Settings in Synthesis Report" option in "Analysis and Synthesis Settings -> More Settings" to "Off".


+-------------------------------------------------------------------------+
; Parameter Settings for User Entity Instance: Lab4_CPU:inst|74151:inst50 ;
+------------------------+--------+---------------------------------------+
; Parameter Name         ; Value  ; Type                                  ;
+------------------------+--------+---------------------------------------+
; DEVICE_FAMILY          ; MAX 10 ; Untyped                               ;
; AUTO_CARRY_CHAINS      ; ON     ; AUTO_CARRY                            ;
; IGNORE_CARRY_BUFFERS   ; OFF    ; IGNORE_CARRY                          ;
; AUTO_CASCADE_CHAINS    ; ON     ; AUTO_CASCADE                          ;
; IGNORE_CASCADE_BUFFERS ; OFF    ; IGNORE_CASCADE                        ;
+------------------------+--------+---------------------------------------+
Note: In order to hide this table in the UI and the text report file, please set the "Show Parameter Settings in Synthesis Report" option in "Analysis and Synthesis Settings -> More Settings" to "Off".


+-----------------------------------------------------+
; Post-Synthesis Netlist Statistics for Top Partition ;
+-----------------------+-----------------------------+
; Type                  ; Count                       ;
+-----------------------+-----------------------------+
; boundary_port         ; 29                          ;
; cycloneiii_ff         ; 11                          ;
;     ENA               ; 6                           ;
;     SLD               ; 4                           ;
;     plain             ; 1                           ;
; cycloneiii_lcell_comb ; 27                          ;
;     normal            ; 27                          ;
;         1 data inputs ; 3                           ;
;         2 data inputs ; 1                           ;
;         3 data inputs ; 15                          ;
;         4 data inputs ; 8                           ;
;                       ;                             ;
; Max LUT depth         ; 4.00                        ;
; Average LUT depth     ; 2.95                        ;
+-----------------------+-----------------------------+


+-------------------------------+
; Elapsed Time Per Partition    ;
+----------------+--------------+
; Partition Name ; Elapsed Time ;
+----------------+--------------+
; Top            ; 00:00:00     ;
+----------------+--------------+


+-------------------------------+
; Analysis & Synthesis Messages ;
+-------------------------------+
Info: *******************************************************************
Info: Running Quartus Prime Analysis & Synthesis
    Info: Version 18.1.0 Build 625 09/12/2018 SJ Lite Edition
    Info: Processing started: Mon Nov 04 11:18:09 2019
Info: Command: quartus_map --read_settings_files=on --write_settings_files=off Lab6_Part1 -c Lab6_Part1
Warning (18236): Number of processors has not been specified which may cause overloading on shared machines.  Set the global assignment NUM_PARALLEL_PROCESSORS in your QSF to an appropriate value for best performance.
Info (20030): Parallel compilation is enabled and will use 4 of the 4 processors detected
Info (12021): Found 1 design units, including 1 entities, in source file lab6_part1.bdf
    Info (12023): Found entity 1: Lab6_Part1
Warning (12019): Can't analyze file -- file Vhdl1.vhd is missing
Warning (12019): Can't analyze file -- file Lab6VHDL.vhd is missing
Info (12021): Found 2 design units, including 1 entities, in source file controller.vhd
    Info (12022): Found design unit 1: CONTROLLER-logic File: C:/Users/conno/Desktop/Lab6_Part1/CONTROLLER.vhd Line: 9
    Info (12023): Found entity 1: CONTROLLER File: C:/Users/conno/Desktop/Lab6_Part1/CONTROLLER.vhd Line: 2
Info (12127): Elaborating entity "Lab6_Part1" for the top level hierarchy
Warning (275009): Pin "CIN" not connected
Info (12128): Elaborating entity "CONTROLLER" for hierarchy "CONTROLLER:inst1"
Info (12128): Elaborating entity "21mux" for hierarchy "21mux:inst2"
Info (12130): Elaborated megafunction instantiation "21mux:inst2"
Warning (12125): Using design file lab4_cpu.bdf, which is not specified as a design file for the current project, but contains definitions for 1 design units and 1 entities in project
    Info (12023): Found entity 1: Lab4_CPU
Info (12128): Elaborating entity "Lab4_CPU" for hierarchy "Lab4_CPU:inst"
Info (12128): Elaborating entity "74283" for hierarchy "Lab4_CPU:inst|74283:inst42"
Info (12130): Elaborated megafunction instantiation "Lab4_CPU:inst|74283:inst42"
Info (12128): Elaborating entity "f74283" for hierarchy "Lab4_CPU:inst|74283:inst42|f74283:sub" File: c:/intelfpga_lite/18.1/quartus/libraries/others/maxplus2/74283.tdf Line: 24
Info (12131): Elaborated megafunction instantiation "Lab4_CPU:inst|74283:inst42|f74283:sub", which is child of megafunction instantiation "Lab4_CPU:inst|74283:inst42" File: c:/intelfpga_lite/18.1/quartus/libraries/others/maxplus2/74283.tdf Line: 24
Info (12128): Elaborating entity "74153" for hierarchy "Lab4_CPU:inst|74153:inst900"
Info (12130): Elaborated megafunction instantiation "Lab4_CPU:inst|74153:inst900"
Info (12128): Elaborating entity "74151" for hierarchy "Lab4_CPU:inst|74151:inst47"
Info (12130): Elaborated megafunction instantiation "Lab4_CPU:inst|74151:inst47"
Info (12128): Elaborating entity "f74151" for hierarchy "Lab4_CPU:inst|74151:inst47|f74151:sub" File: c:/intelfpga_lite/18.1/quartus/libraries/others/maxplus2/74151.tdf Line: 24
Info (12131): Elaborated megafunction instantiation "Lab4_CPU:inst|74151:inst47|f74151:sub", which is child of megafunction instantiation "Lab4_CPU:inst|74151:inst47" File: c:/intelfpga_lite/18.1/quartus/libraries/others/maxplus2/74151.tdf Line: 24
Info (12128): Elaborating entity "74151" for hierarchy "Lab4_CPU:inst|74151:inst44"
Info (12130): Elaborated megafunction instantiation "Lab4_CPU:inst|74151:inst44"
Info (12128): Elaborating entity "74151" for hierarchy "Lab4_CPU:inst|74151:inst50"
Info (12130): Elaborated megafunction instantiation "Lab4_CPU:inst|74151:inst50"
Info (13014): Ignored 22 buffer(s)
    Info (13015): Ignored 4 CARRY buffer(s)
    Info (13017): Ignored 8 CASCADE buffer(s)
    Info (13019): Ignored 10 SOFT buffer(s)
Info (286030): Timing-Driven Synthesis is running
Info (16010): Generating hard_block partition "hard_block:auto_generated_inst"
    Info (16011): Adding 0 node(s), including 0 DDIO, 0 PLL, 0 transceiver and 0 LCELL
Warning (21074): Design contains 1 input pin(s) that do not drive logic
    Warning (15610): No output dependent on input pin "CIN"
Info (21057): Implemented 56 device resources after synthesis - the final resource count might be different
    Info (21058): Implemented 6 input pins
    Info (21059): Implemented 23 output pins
    Info (21061): Implemented 27 logic cells
Info: Quartus Prime Analysis & Synthesis was successful. 0 errors, 7 warnings
    Info: Peak virtual memory: 4799 megabytes
    Info: Processing ended: Mon Nov 04 11:18:20 2019
    Info: Elapsed time: 00:00:11
    Info: Total CPU time (on all processors): 00:00:22


