Analysis & Synthesis report for Lab6_Part2
Mon Nov 04 23:30:16 2019
Quartus Prime Version 18.1.0 Build 625 09/12/2018 SJ Lite Edition


---------------------
; Table of Contents ;
---------------------
  1. Legal Notice
  2. Analysis & Synthesis Summary
  3. Analysis & Synthesis Settings
  4. Parallel Compilation
  5. Analysis & Synthesis Source Files Read
  6. Analysis & Synthesis Resource Usage Summary
  7. Analysis & Synthesis Resource Utilization by Entity
  8. Analysis & Synthesis RAM Summary
  9. Analysis & Synthesis IP Cores Summary
 10. Registers Removed During Synthesis
 11. General Register Statistics
 12. Multiplexer Restructuring Statistics (Restructuring Performed)
 13. Source assignments for ROM:inst7|altsyncram:altsyncram_component|altsyncram_g824:auto_generated
 14. Parameter Settings for User Entity Instance: ROM:inst7|altsyncram:altsyncram_component
 15. Parameter Settings for User Entity Instance: 74161:inst14
 16. Parameter Settings for User Entity Instance: Lab4_CPU:inst13|74283:inst42
 17. Parameter Settings for User Entity Instance: Lab4_CPU:inst13|74151:inst47
 18. Parameter Settings for User Entity Instance: Lab4_CPU:inst13|74151:inst44
 19. Parameter Settings for User Entity Instance: Lab4_CPU:inst13|74151:inst48
 20. Parameter Settings for User Entity Instance: Lab4_CPU:inst13|74151:inst50
 21. altsyncram Parameter Settings by Entity Instance
 22. Post-Synthesis Netlist Statistics for Top Partition
 23. Elapsed Time Per Partition
 24. Analysis & Synthesis Messages



----------------
; Legal Notice ;
----------------
Copyright (C) 2018  Intel Corporation. All rights reserved.
Your use of Intel Corporation's design tools, logic functions 
and other software and tools, and its AMPP partner logic 
functions, and any output files from any of the foregoing 
(including device programming or simulation files), and any 
associated documentation or information are expressly subject 
to the terms and conditions of the Intel Program License 
Subscription Agreement, the Intel Quartus Prime License Agreement,
the Intel FPGA IP License Agreement, or other applicable license
agreement, including, without limitation, that your use is for
the sole purpose of programming logic devices manufactured by
Intel and sold by Intel or its authorized distributors.  Please
refer to the applicable agreement for further details.



+-------------------------------------------------------------------------------+
; Analysis & Synthesis Summary                                                  ;
+---------------------------------+---------------------------------------------+
; Analysis & Synthesis Status     ; Successful - Mon Nov 04 23:30:16 2019       ;
; Quartus Prime Version           ; 18.1.0 Build 625 09/12/2018 SJ Lite Edition ;
; Revision Name                   ; Lab6_Part2                                  ;
; Top-level Entity Name           ; Lab6_Part2                                  ;
; Family                          ; Cyclone V                                   ;
; Logic utilization (in ALMs)     ; N/A                                         ;
; Total registers                 ; 18                                          ;
; Total pins                      ; 51                                          ;
; Total virtual pins              ; 0                                           ;
; Total block memory bits         ; 64                                          ;
; Total DSP Blocks                ; 0                                           ;
; Total HSSI RX PCSs              ; 0                                           ;
; Total HSSI PMA RX Deserializers ; 0                                           ;
; Total HSSI TX PCSs              ; 0                                           ;
; Total HSSI PMA TX Serializers   ; 0                                           ;
; Total PLLs                      ; 0                                           ;
; Total DLLs                      ; 0                                           ;
+---------------------------------+---------------------------------------------+


+---------------------------------------------------------------------------------------------------------------------------+
; Analysis & Synthesis Settings                                                                                             ;
+---------------------------------------------------------------------------------+--------------------+--------------------+
; Option                                                                          ; Setting            ; Default Value      ;
+---------------------------------------------------------------------------------+--------------------+--------------------+
; Device                                                                          ; 5CGXFC7C7F23C8     ;                    ;
; Top-level entity name                                                           ; Lab6_Part2         ; Lab6_Part2         ;
; Family name                                                                     ; Cyclone V          ; Cyclone V          ;
; Use smart compilation                                                           ; Off                ; Off                ;
; Enable parallel Assembler and Timing Analyzer during compilation                ; On                 ; On                 ;
; Enable compact report table                                                     ; Off                ; Off                ;
; Restructure Multiplexers                                                        ; Auto               ; Auto               ;
; MLAB Add Timing Constraints For Mixed-Port Feed-Through Mode Setting Don't Care ; Off                ; Off                ;
; Create Debugging Nodes for IP Cores                                             ; Off                ; Off                ;
; Preserve fewer node names                                                       ; On                 ; On                 ;
; Intel FPGA IP Evaluation Mode                                                   ; Enable             ; Enable             ;
; Verilog Version                                                                 ; Verilog_2001       ; Verilog_2001       ;
; VHDL Version                                                                    ; VHDL_1993          ; VHDL_1993          ;
; State Machine Processing                                                        ; Auto               ; Auto               ;
; Safe State Machine                                                              ; Off                ; Off                ;
; Extract Verilog State Machines                                                  ; On                 ; On                 ;
; Extract VHDL State Machines                                                     ; On                 ; On                 ;
; Ignore Verilog initial constructs                                               ; Off                ; Off                ;
; Iteration limit for constant Verilog loops                                      ; 5000               ; 5000               ;
; Iteration limit for non-constant Verilog loops                                  ; 250                ; 250                ;
; Add Pass-Through Logic to Inferred RAMs                                         ; On                 ; On                 ;
; Infer RAMs from Raw Logic                                                       ; On                 ; On                 ;
; Parallel Synthesis                                                              ; On                 ; On                 ;
; DSP Block Balancing                                                             ; Auto               ; Auto               ;
; NOT Gate Push-Back                                                              ; On                 ; On                 ;
; Power-Up Don't Care                                                             ; On                 ; On                 ;
; Remove Redundant Logic Cells                                                    ; Off                ; Off                ;
; Remove Duplicate Registers                                                      ; On                 ; On                 ;
; Ignore CARRY Buffers                                                            ; Off                ; Off                ;
; Ignore CASCADE Buffers                                                          ; Off                ; Off                ;
; Ignore GLOBAL Buffers                                                           ; Off                ; Off                ;
; Ignore ROW GLOBAL Buffers                                                       ; Off                ; Off                ;
; Ignore LCELL Buffers                                                            ; Off                ; Off                ;
; Ignore SOFT Buffers                                                             ; On                 ; On                 ;
; Limit AHDL Integers to 32 Bits                                                  ; Off                ; Off                ;
; Optimization Technique                                                          ; Balanced           ; Balanced           ;
; Carry Chain Length                                                              ; 70                 ; 70                 ;
; Auto Carry Chains                                                               ; On                 ; On                 ;
; Auto Open-Drain Pins                                                            ; On                 ; On                 ;
; Perform WYSIWYG Primitive Resynthesis                                           ; Off                ; Off                ;
; Auto ROM Replacement                                                            ; On                 ; On                 ;
; Auto RAM Replacement                                                            ; On                 ; On                 ;
; Auto DSP Block Replacement                                                      ; On                 ; On                 ;
; Auto Shift Register Replacement                                                 ; Auto               ; Auto               ;
; Allow Shift Register Merging across Hierarchies                                 ; Auto               ; Auto               ;
; Auto Clock Enable Replacement                                                   ; On                 ; On                 ;
; Strict RAM Replacement                                                          ; Off                ; Off                ;
; Allow Synchronous Control Signals                                               ; On                 ; On                 ;
; Force Use of Synchronous Clear Signals                                          ; Off                ; Off                ;
; Auto Resource Sharing                                                           ; Off                ; Off                ;
; Allow Any RAM Size For Recognition                                              ; Off                ; Off                ;
; Allow Any ROM Size For Recognition                                              ; Off                ; Off                ;
; Allow Any Shift Register Size For Recognition                                   ; Off                ; Off                ;
; Use LogicLock Constraints during Resource Balancing                             ; On                 ; On                 ;
; Ignore translate_off and synthesis_off directives                               ; Off                ; Off                ;
; Timing-Driven Synthesis                                                         ; On                 ; On                 ;
; Report Parameter Settings                                                       ; On                 ; On                 ;
; Report Source Assignments                                                       ; On                 ; On                 ;
; Report Connectivity Checks                                                      ; On                 ; On                 ;
; Ignore Maximum Fan-Out Assignments                                              ; Off                ; Off                ;
; Synchronization Register Chain Length                                           ; 3                  ; 3                  ;
; Power Optimization During Synthesis                                             ; Normal compilation ; Normal compilation ;
; HDL message level                                                               ; Level2             ; Level2             ;
; Suppress Register Optimization Related Messages                                 ; Off                ; Off                ;
; Number of Removed Registers Reported in Synthesis Report                        ; 5000               ; 5000               ;
; Number of Swept Nodes Reported in Synthesis Report                              ; 5000               ; 5000               ;
; Number of Inverted Registers Reported in Synthesis Report                       ; 100                ; 100                ;
; Clock MUX Protection                                                            ; On                 ; On                 ;
; Auto Gated Clock Conversion                                                     ; Off                ; Off                ;
; Block Design Naming                                                             ; Auto               ; Auto               ;
; SDC constraint protection                                                       ; Off                ; Off                ;
; Synthesis Effort                                                                ; Auto               ; Auto               ;
; Shift Register Replacement - Allow Asynchronous Clear Signal                    ; On                 ; On                 ;
; Pre-Mapping Resynthesis Optimization                                            ; Off                ; Off                ;
; Analysis & Synthesis Message Level                                              ; Medium             ; Medium             ;
; Disable Register Merging Across Hierarchies                                     ; Auto               ; Auto               ;
; Resource Aware Inference For Block RAM                                          ; On                 ; On                 ;
; Automatic Parallel Synthesis                                                    ; On                 ; On                 ;
; Partial Reconfiguration Bitstream ID                                            ; Off                ; Off                ;
+---------------------------------------------------------------------------------+--------------------+--------------------+


+------------------------------------------+
; Parallel Compilation                     ;
+----------------------------+-------------+
; Processors                 ; Number      ;
+----------------------------+-------------+
; Number detected on machine ; 4           ;
; Maximum allowed            ; 4           ;
;                            ;             ;
; Average used               ; 1.00        ;
; Maximum used               ; 4           ;
;                            ;             ;
; Usage by Processor         ; % Time Used ;
;     Processor 1            ; 100.0%      ;
;     Processors 2-4         ;   0.0%      ;
+----------------------------+-------------+


+----------------------------------------------------------------------------------------------------------------------------------------------------------------------------------------+
; Analysis & Synthesis Source Files Read                                                                                                                                                 ;
+----------------------------------+-----------------+------------------------------------------+------------------------------------------------------------------------------+---------+
; File Name with User-Entered Path ; Used in Netlist ; File Type                                ; File Name with Absolute Path                                                 ; Library ;
+----------------------------------+-----------------+------------------------------------------+------------------------------------------------------------------------------+---------+
; ROM.vhd                          ; yes             ; User Wizard-Generated File               ; C:/Users/conno/Desktop/Lab6_Part2/ROM.vhd                                    ;         ;
; lab6_part2vhdl.vhd               ; yes             ; User VHDL File                           ; C:/Users/conno/Desktop/Lab6_Part2/lab6_part2vhdl.vhd                         ;         ;
; Lab6_Part2.bdf                   ; yes             ; User Block Diagram/Schematic File        ; C:/Users/conno/Desktop/Lab6_Part2/Lab6_Part2.bdf                             ;         ;
; 21mux.bdf                        ; yes             ; Megafunction                             ; c:/intelfpga_lite/18.1/quartus/libraries/others/maxplus2/21mux.bdf           ;         ;
; altsyncram.tdf                   ; yes             ; Megafunction                             ; c:/intelfpga_lite/18.1/quartus/libraries/megafunctions/altsyncram.tdf        ;         ;
; stratix_ram_block.inc            ; yes             ; Megafunction                             ; c:/intelfpga_lite/18.1/quartus/libraries/megafunctions/stratix_ram_block.inc ;         ;
; lpm_mux.inc                      ; yes             ; Megafunction                             ; c:/intelfpga_lite/18.1/quartus/libraries/megafunctions/lpm_mux.inc           ;         ;
; lpm_decode.inc                   ; yes             ; Megafunction                             ; c:/intelfpga_lite/18.1/quartus/libraries/megafunctions/lpm_decode.inc        ;         ;
; aglobal181.inc                   ; yes             ; Megafunction                             ; c:/intelfpga_lite/18.1/quartus/libraries/megafunctions/aglobal181.inc        ;         ;
; a_rdenreg.inc                    ; yes             ; Megafunction                             ; c:/intelfpga_lite/18.1/quartus/libraries/megafunctions/a_rdenreg.inc         ;         ;
; altrom.inc                       ; yes             ; Megafunction                             ; c:/intelfpga_lite/18.1/quartus/libraries/megafunctions/altrom.inc            ;         ;
; altram.inc                       ; yes             ; Megafunction                             ; c:/intelfpga_lite/18.1/quartus/libraries/megafunctions/altram.inc            ;         ;
; altdpram.inc                     ; yes             ; Megafunction                             ; c:/intelfpga_lite/18.1/quartus/libraries/megafunctions/altdpram.inc          ;         ;
; db/altsyncram_g824.tdf           ; yes             ; Auto-Generated Megafunction              ; C:/Users/conno/Desktop/Lab6_Part2/db/altsyncram_g824.tdf                     ;         ;
; rom_32k.mif                      ; yes             ; Auto-Found Memory Initialization File    ; C:/Users/conno/Desktop/Lab6_Part2/rom_32k.mif                                ;         ;
; db/decode_11a.tdf                ; yes             ; Auto-Generated Megafunction              ; C:/Users/conno/Desktop/Lab6_Part2/db/decode_11a.tdf                          ;         ;
; db/mux_ofb.tdf                   ; yes             ; Auto-Generated Megafunction              ; C:/Users/conno/Desktop/Lab6_Part2/db/mux_ofb.tdf                             ;         ;
; 74161.tdf                        ; yes             ; Megafunction                             ; c:/intelfpga_lite/18.1/quartus/libraries/others/maxplus2/74161.tdf           ;         ;
; aglobal.inc                      ; yes             ; Megafunction                             ; c:/intelfpga_lite/18.1/quartus/libraries/megafunctions/aglobal.inc           ;         ;
; f74161.bdf                       ; yes             ; Megafunction                             ; c:/intelfpga_lite/18.1/quartus/libraries/others/maxplus2/f74161.bdf          ;         ;
; lab4_cpu.bdf                     ; yes             ; Auto-Found Block Diagram/Schematic File  ; C:/Users/conno/Desktop/Lab6_Part2/lab4_cpu.bdf                               ;         ;
; 74283.tdf                        ; yes             ; Megafunction                             ; c:/intelfpga_lite/18.1/quartus/libraries/others/maxplus2/74283.tdf           ;         ;
; f74283.bdf                       ; yes             ; Megafunction                             ; c:/intelfpga_lite/18.1/quartus/libraries/others/maxplus2/f74283.bdf          ;         ;
; 74153.bdf                        ; yes             ; Megafunction                             ; c:/intelfpga_lite/18.1/quartus/libraries/others/maxplus2/74153.bdf           ;         ;
; 74151.tdf                        ; yes             ; Megafunction                             ; c:/intelfpga_lite/18.1/quartus/libraries/others/maxplus2/74151.tdf           ;         ;
; f74151.bdf                       ; yes             ; Megafunction                             ; c:/intelfpga_lite/18.1/quartus/libraries/others/maxplus2/f74151.bdf          ;         ;
+----------------------------------+-----------------+------------------------------------------+------------------------------------------------------------------------------+---------+


+------------------------------------------------------+
; Analysis & Synthesis Resource Usage Summary          ;
+---------------------------------------------+--------+
; Resource                                    ; Usage  ;
+---------------------------------------------+--------+
; Estimate of Logic utilization (ALMs needed) ; 25     ;
;                                             ;        ;
; Combinational ALUT usage for logic          ; 37     ;
;     -- 7 input functions                    ; 3      ;
;     -- 6 input functions                    ; 9      ;
;     -- 5 input functions                    ; 9      ;
;     -- 4 input functions                    ; 4      ;
;     -- <=3 input functions                  ; 12     ;
;                                             ;        ;
; Dedicated logic registers                   ; 18     ;
;                                             ;        ;
; I/O pins                                    ; 51     ;
; Total MLAB memory bits                      ; 0      ;
; Total block memory bits                     ; 64     ;
;                                             ;        ;
; Total DSP Blocks                            ; 0      ;
;                                             ;        ;
; Maximum fan-out node                        ; inst27 ;
; Maximum fan-out                             ; 19     ;
; Total fan-out                               ; 324    ;
; Average fan-out                             ; 2.01   ;
+---------------------------------------------+--------+


+----------------------------------------------------------------------------------------------------------------------------------------------------------------------------------------------------------------------------------------------------------------------------+
; Analysis & Synthesis Resource Utilization by Entity                                                                                                                                                                                                                        ;
+-------------------------------------------+---------------------+---------------------------+-------------------+------------+------+--------------+--------------------------------------------------------------------------------------+-----------------+--------------+
; Compilation Hierarchy Node                ; Combinational ALUTs ; Dedicated Logic Registers ; Block Memory Bits ; DSP Blocks ; Pins ; Virtual Pins ; Full Hierarchy Name                                                                  ; Entity Name     ; Library Name ;
+-------------------------------------------+---------------------+---------------------------+-------------------+------------+------+--------------+--------------------------------------------------------------------------------------+-----------------+--------------+
; |Lab6_Part2                               ; 37 (1)              ; 18 (6)                    ; 64                ; 0          ; 51   ; 0            ; |Lab6_Part2                                                                          ; Lab6_Part2      ; work         ;
;    |74161:inst14|                         ; 4 (0)               ; 4 (0)                     ; 0                 ; 0          ; 0    ; 0            ; |Lab6_Part2|74161:inst14                                                             ; 74161           ; work         ;
;       |f74161:sub|                        ; 4 (4)               ; 4 (4)                     ; 0                 ; 0          ; 0    ; 0            ; |Lab6_Part2|74161:inst14|f74161:sub                                                  ; f74161          ; work         ;
;    |Lab4_CPU:inst13|                      ; 21 (0)              ; 8 (8)                     ; 0                 ; 0          ; 0    ; 0            ; |Lab6_Part2|Lab4_CPU:inst13                                                          ; Lab4_CPU        ; work         ;
;       |74151:inst44|                      ; 3 (0)               ; 0 (0)                     ; 0                 ; 0          ; 0    ; 0            ; |Lab6_Part2|Lab4_CPU:inst13|74151:inst44                                             ; 74151           ; work         ;
;          |f74151:sub|                     ; 3 (3)               ; 0 (0)                     ; 0                 ; 0          ; 0    ; 0            ; |Lab6_Part2|Lab4_CPU:inst13|74151:inst44|f74151:sub                                  ; f74151          ; work         ;
;       |74151:inst47|                      ; 3 (0)               ; 0 (0)                     ; 0                 ; 0          ; 0    ; 0            ; |Lab6_Part2|Lab4_CPU:inst13|74151:inst47                                             ; 74151           ; work         ;
;          |f74151:sub|                     ; 3 (3)               ; 0 (0)                     ; 0                 ; 0          ; 0    ; 0            ; |Lab6_Part2|Lab4_CPU:inst13|74151:inst47|f74151:sub                                  ; f74151          ; work         ;
;       |74151:inst48|                      ; 2 (0)               ; 0 (0)                     ; 0                 ; 0          ; 0    ; 0            ; |Lab6_Part2|Lab4_CPU:inst13|74151:inst48                                             ; 74151           ; work         ;
;          |f74151:sub|                     ; 2 (2)               ; 0 (0)                     ; 0                 ; 0          ; 0    ; 0            ; |Lab6_Part2|Lab4_CPU:inst13|74151:inst48|f74151:sub                                  ; f74151          ; work         ;
;       |74151:inst50|                      ; 2 (0)               ; 0 (0)                     ; 0                 ; 0          ; 0    ; 0            ; |Lab6_Part2|Lab4_CPU:inst13|74151:inst50                                             ; 74151           ; work         ;
;          |f74151:sub|                     ; 2 (2)               ; 0 (0)                     ; 0                 ; 0          ; 0    ; 0            ; |Lab6_Part2|Lab4_CPU:inst13|74151:inst50|f74151:sub                                  ; f74151          ; work         ;
;       |74153:inst100|                     ; 2 (2)               ; 0 (0)                     ; 0                 ; 0          ; 0    ; 0            ; |Lab6_Part2|Lab4_CPU:inst13|74153:inst100                                            ; 74153           ; work         ;
;       |74153:inst5|                       ; 2 (2)               ; 0 (0)                     ; 0                 ; 0          ; 0    ; 0            ; |Lab6_Part2|Lab4_CPU:inst13|74153:inst5                                              ; 74153           ; work         ;
;       |74153:inst6|                       ; 2 (2)               ; 0 (0)                     ; 0                 ; 0          ; 0    ; 0            ; |Lab6_Part2|Lab4_CPU:inst13|74153:inst6                                              ; 74153           ; work         ;
;       |74153:inst900|                     ; 2 (2)               ; 0 (0)                     ; 0                 ; 0          ; 0    ; 0            ; |Lab6_Part2|Lab4_CPU:inst13|74153:inst900                                            ; 74153           ; work         ;
;       |74283:inst42|                      ; 3 (0)               ; 0 (0)                     ; 0                 ; 0          ; 0    ; 0            ; |Lab6_Part2|Lab4_CPU:inst13|74283:inst42                                             ; 74283           ; work         ;
;          |f74283:sub|                     ; 3 (3)               ; 0 (0)                     ; 0                 ; 0          ; 0    ; 0            ; |Lab6_Part2|Lab4_CPU:inst13|74283:inst42|f74283:sub                                  ; f74283          ; work         ;
;    |Lab6_Part2VHDL:inst334|               ; 11 (11)             ; 0 (0)                     ; 0                 ; 0          ; 0    ; 0            ; |Lab6_Part2|Lab6_Part2VHDL:inst334                                                   ; Lab6_Part2VHDL  ; work         ;
;    |ROM:inst7|                            ; 0 (0)               ; 0 (0)                     ; 64                ; 0          ; 0    ; 0            ; |Lab6_Part2|ROM:inst7                                                                ; ROM             ; work         ;
;       |altsyncram:altsyncram_component|   ; 0 (0)               ; 0 (0)                     ; 64                ; 0          ; 0    ; 0            ; |Lab6_Part2|ROM:inst7|altsyncram:altsyncram_component                                ; altsyncram      ; work         ;
;          |altsyncram_g824:auto_generated| ; 0 (0)               ; 0 (0)                     ; 64                ; 0          ; 0    ; 0            ; |Lab6_Part2|ROM:inst7|altsyncram:altsyncram_component|altsyncram_g824:auto_generated ; altsyncram_g824 ; work         ;
+-------------------------------------------+---------------------+---------------------------+-------------------+------------+------+--------------+--------------------------------------------------------------------------------------+-----------------+--------------+
Note: For table entries with two numbers listed, the numbers in parentheses indicate the number of resources of the given type used by the specific entity alone. The numbers listed outside of parentheses indicate the total resources of the given type used by the specific entity and all of its sub-entities in the hierarchy.


+--------------------------------------------------------------------------------------------------------------------------------------------------------------------------------------+
; Analysis & Synthesis RAM Summary                                                                                                                                                     ;
+-------------------------------------------------------------------------------------+------+------+--------------+--------------+--------------+--------------+--------+-------------+
; Name                                                                                ; Type ; Mode ; Port A Depth ; Port A Width ; Port B Depth ; Port B Width ; Size   ; MIF         ;
+-------------------------------------------------------------------------------------+------+------+--------------+--------------+--------------+--------------+--------+-------------+
; ROM:inst7|altsyncram:altsyncram_component|altsyncram_g824:auto_generated|ALTSYNCRAM ; AUTO ; ROM  ; 32768        ; 8            ; --           ; --           ; 262144 ; rom_32k.mif ;
+-------------------------------------------------------------------------------------+------+------+--------------+--------------+--------------+--------------+--------+-------------+


+---------------------------------------------------------------------------------------------------------+
; Analysis & Synthesis IP Cores Summary                                                                   ;
+--------+--------------+---------+--------------+--------------+-----------------------+-----------------+
; Vendor ; IP Core Name ; Version ; Release Date ; License Type ; Entity Instance       ; IP Include File ;
+--------+--------------+---------+--------------+--------------+-----------------------+-----------------+
; Altera ; ROM: 1-PORT  ; 18.1    ; N/A          ; N/A          ; |Lab6_Part2|ROM:inst7 ; ROM.vhd         ;
+--------+--------------+---------+--------------+--------------+-----------------------+-----------------+


+------------------------------------------------------------------------------------------------------------------------------------+
; Registers Removed During Synthesis                                                                                                 ;
+-------------------------------------------------------------------------------------------+----------------------------------------+
; Register name                                                                             ; Reason for Removal                     ;
+-------------------------------------------------------------------------------------------+----------------------------------------+
; ROM:inst7|altsyncram:altsyncram_component|altsyncram_g824:auto_generated|address_reg_a[1] ; Stuck at GND due to stuck port data_in ;
; ROM:inst7|altsyncram:altsyncram_component|altsyncram_g824:auto_generated|address_reg_a[0] ; Stuck at VCC due to stuck port data_in ;
; Total Number of Removed Registers = 2                                                     ;                                        ;
+-------------------------------------------------------------------------------------------+----------------------------------------+


+------------------------------------------------------+
; General Register Statistics                          ;
+----------------------------------------------+-------+
; Statistic                                    ; Value ;
+----------------------------------------------+-------+
; Total registers                              ; 18    ;
; Number of registers using Synchronous Clear  ; 0     ;
; Number of registers using Synchronous Load   ; 0     ;
; Number of registers using Asynchronous Clear ; 10    ;
; Number of registers using Asynchronous Load  ; 0     ;
; Number of registers using Clock Enable       ; 3     ;
; Number of registers using Preset             ; 0     ;
+----------------------------------------------+-------+


+----------------------------------------------------------------------------------------------------------------------------------------------------------------------+
; Multiplexer Restructuring Statistics (Restructuring Performed)                                                                                                       ;
+--------------------+-----------+---------------+----------------------+------------------------+------------+--------------------------------------------------------+
; Multiplexer Inputs ; Bus Width ; Baseline Area ; Area if Restructured ; Saving if Restructured ; Registered ; Example Multiplexer Output                             ;
+--------------------+-----------+---------------+----------------------+------------------------+------------+--------------------------------------------------------+
; 7:1                ; 2 bits    ; 8 LEs         ; 8 LEs                ; 0 LEs                  ; No         ; |Lab6_Part2|Lab4_CPU:inst13|74151:inst44|f74151:sub|81 ;
; 8:1                ; 2 bits    ; 10 LEs        ; 10 LEs               ; 0 LEs                  ; No         ; |Lab6_Part2|Lab4_CPU:inst13|74151:inst47|f74151:sub|81 ;
+--------------------+-----------+---------------+----------------------+------------------------+------------+--------------------------------------------------------+


+-------------------------------------------------------------------------------------------------+
; Source assignments for ROM:inst7|altsyncram:altsyncram_component|altsyncram_g824:auto_generated ;
+---------------------------------+--------------------+------+-----------------------------------+
; Assignment                      ; Value              ; From ; To                                ;
+---------------------------------+--------------------+------+-----------------------------------+
; OPTIMIZE_POWER_DURING_SYNTHESIS ; NORMAL_COMPILATION ; -    ; -                                 ;
+---------------------------------+--------------------+------+-----------------------------------+


+----------------------------------------------------------------------------------------+
; Parameter Settings for User Entity Instance: ROM:inst7|altsyncram:altsyncram_component ;
+------------------------------------+----------------------+----------------------------+
; Parameter Name                     ; Value                ; Type                       ;
+------------------------------------+----------------------+----------------------------+
; BYTE_SIZE_BLOCK                    ; 8                    ; Untyped                    ;
; AUTO_CARRY_CHAINS                  ; ON                   ; AUTO_CARRY                 ;
; IGNORE_CARRY_BUFFERS               ; OFF                  ; IGNORE_CARRY               ;
; AUTO_CASCADE_CHAINS                ; ON                   ; AUTO_CASCADE               ;
; IGNORE_CASCADE_BUFFERS             ; OFF                  ; IGNORE_CASCADE             ;
; WIDTH_BYTEENA                      ; 1                    ; Untyped                    ;
; OPERATION_MODE                     ; ROM                  ; Untyped                    ;
; WIDTH_A                            ; 8                    ; Signed Integer             ;
; WIDTHAD_A                          ; 15                   ; Signed Integer             ;
; NUMWORDS_A                         ; 32768                ; Signed Integer             ;
; OUTDATA_REG_A                      ; UNREGISTERED         ; Untyped                    ;
; ADDRESS_ACLR_A                     ; NONE                 ; Untyped                    ;
; OUTDATA_ACLR_A                     ; NONE                 ; Untyped                    ;
; WRCONTROL_ACLR_A                   ; NONE                 ; Untyped                    ;
; INDATA_ACLR_A                      ; NONE                 ; Untyped                    ;
; BYTEENA_ACLR_A                     ; NONE                 ; Untyped                    ;
; WIDTH_B                            ; 1                    ; Signed Integer             ;
; WIDTHAD_B                          ; 1                    ; Signed Integer             ;
; NUMWORDS_B                         ; 0                    ; Signed Integer             ;
; INDATA_REG_B                       ; CLOCK1               ; Untyped                    ;
; WRCONTROL_WRADDRESS_REG_B          ; CLOCK1               ; Untyped                    ;
; RDCONTROL_REG_B                    ; CLOCK1               ; Untyped                    ;
; ADDRESS_REG_B                      ; CLOCK1               ; Untyped                    ;
; OUTDATA_REG_B                      ; UNREGISTERED         ; Untyped                    ;
; BYTEENA_REG_B                      ; CLOCK1               ; Untyped                    ;
; INDATA_ACLR_B                      ; NONE                 ; Untyped                    ;
; WRCONTROL_ACLR_B                   ; NONE                 ; Untyped                    ;
; ADDRESS_ACLR_B                     ; NONE                 ; Untyped                    ;
; OUTDATA_ACLR_B                     ; NONE                 ; Untyped                    ;
; RDCONTROL_ACLR_B                   ; NONE                 ; Untyped                    ;
; BYTEENA_ACLR_B                     ; NONE                 ; Untyped                    ;
; WIDTH_BYTEENA_A                    ; 1                    ; Signed Integer             ;
; WIDTH_BYTEENA_B                    ; 1                    ; Signed Integer             ;
; RAM_BLOCK_TYPE                     ; AUTO                 ; Untyped                    ;
; BYTE_SIZE                          ; 8                    ; Signed Integer             ;
; READ_DURING_WRITE_MODE_MIXED_PORTS ; DONT_CARE            ; Untyped                    ;
; READ_DURING_WRITE_MODE_PORT_A      ; NEW_DATA_NO_NBE_READ ; Untyped                    ;
; READ_DURING_WRITE_MODE_PORT_B      ; NEW_DATA_NO_NBE_READ ; Untyped                    ;
; INIT_FILE                          ; rom_32k.mif          ; Untyped                    ;
; INIT_FILE_LAYOUT                   ; PORT_A               ; Untyped                    ;
; MAXIMUM_DEPTH                      ; 0                    ; Signed Integer             ;
; CLOCK_ENABLE_INPUT_A               ; BYPASS               ; Untyped                    ;
; CLOCK_ENABLE_INPUT_B               ; NORMAL               ; Untyped                    ;
; CLOCK_ENABLE_OUTPUT_A              ; BYPASS               ; Untyped                    ;
; CLOCK_ENABLE_OUTPUT_B              ; NORMAL               ; Untyped                    ;
; CLOCK_ENABLE_CORE_A                ; USE_INPUT_CLKEN      ; Untyped                    ;
; CLOCK_ENABLE_CORE_B                ; USE_INPUT_CLKEN      ; Untyped                    ;
; ENABLE_ECC                         ; FALSE                ; Untyped                    ;
; ECC_PIPELINE_STAGE_ENABLED         ; FALSE                ; Untyped                    ;
; WIDTH_ECCSTATUS                    ; 3                    ; Signed Integer             ;
; DEVICE_FAMILY                      ; Cyclone V            ; Untyped                    ;
; CBXI_PARAMETER                     ; altsyncram_g824      ; Untyped                    ;
+------------------------------------+----------------------+----------------------------+
Note: In order to hide this table in the UI and the text report file, please set the "Show Parameter Settings in Synthesis Report" option in "Analysis and Synthesis Settings -> More Settings" to "Off".


+-----------------------------------------------------------+
; Parameter Settings for User Entity Instance: 74161:inst14 ;
+------------------------+-----------+----------------------+
; Parameter Name         ; Value     ; Type                 ;
+------------------------+-----------+----------------------+
; DEVICE_FAMILY          ; Cyclone V ; Untyped              ;
; AUTO_CARRY_CHAINS      ; ON        ; AUTO_CARRY           ;
; IGNORE_CARRY_BUFFERS   ; OFF       ; IGNORE_CARRY         ;
; AUTO_CASCADE_CHAINS    ; ON        ; AUTO_CASCADE         ;
; IGNORE_CASCADE_BUFFERS ; OFF       ; IGNORE_CASCADE       ;
+------------------------+-----------+----------------------+
Note: In order to hide this table in the UI and the text report file, please set the "Show Parameter Settings in Synthesis Report" option in "Analysis and Synthesis Settings -> More Settings" to "Off".


+---------------------------------------------------------------------------+
; Parameter Settings for User Entity Instance: Lab4_CPU:inst13|74283:inst42 ;
+------------------------+-----------+--------------------------------------+
; Parameter Name         ; Value     ; Type                                 ;
+------------------------+-----------+--------------------------------------+
; DEVICE_FAMILY          ; Cyclone V ; Untyped                              ;
; AUTO_CARRY_CHAINS      ; ON        ; AUTO_CARRY                           ;
; IGNORE_CARRY_BUFFERS   ; OFF       ; IGNORE_CARRY                         ;
; AUTO_CASCADE_CHAINS    ; ON        ; AUTO_CASCADE                         ;
; IGNORE_CASCADE_BUFFERS ; OFF       ; IGNORE_CASCADE                       ;
+------------------------+-----------+--------------------------------------+
Note: In order to hide this table in the UI and the text report file, please set the "Show Parameter Settings in Synthesis Report" option in "Analysis and Synthesis Settings -> More Settings" to "Off".


+---------------------------------------------------------------------------+
; Parameter Settings for User Entity Instance: Lab4_CPU:inst13|74151:inst47 ;
+------------------------+-----------+--------------------------------------+
; Parameter Name         ; Value     ; Type                                 ;
+------------------------+-----------+--------------------------------------+
; DEVICE_FAMILY          ; Cyclone V ; Untyped                              ;
; AUTO_CARRY_CHAINS      ; ON        ; AUTO_CARRY                           ;
; IGNORE_CARRY_BUFFERS   ; OFF       ; IGNORE_CARRY                         ;
; AUTO_CASCADE_CHAINS    ; ON        ; AUTO_CASCADE                         ;
; IGNORE_CASCADE_BUFFERS ; OFF       ; IGNORE_CASCADE                       ;
+------------------------+-----------+--------------------------------------+
Note: In order to hide this table in the UI and the text report file, please set the "Show Parameter Settings in Synthesis Report" option in "Analysis and Synthesis Settings -> More Settings" to "Off".


+---------------------------------------------------------------------------+
; Parameter Settings for User Entity Instance: Lab4_CPU:inst13|74151:inst44 ;
+------------------------+-----------+--------------------------------------+
; Parameter Name         ; Value     ; Type                                 ;
+------------------------+-----------+--------------------------------------+
; DEVICE_FAMILY          ; Cyclone V ; Untyped                              ;
; AUTO_CARRY_CHAINS      ; ON        ; AUTO_CARRY                           ;
; IGNORE_CARRY_BUFFERS   ; OFF       ; IGNORE_CARRY                         ;
; AUTO_CASCADE_CHAINS    ; ON        ; AUTO_CASCADE                         ;
; IGNORE_CASCADE_BUFFERS ; OFF       ; IGNORE_CASCADE                       ;
+------------------------+-----------+--------------------------------------+
Note: In order to hide this table in the UI and the text report file, please set the "Show Parameter Settings in Synthesis Report" option in "Analysis and Synthesis Settings -> More Settings" to "Off".


+---------------------------------------------------------------------------+
; Parameter Settings for User Entity Instance: Lab4_CPU:inst13|74151:inst48 ;
+------------------------+-----------+--------------------------------------+
; Parameter Name         ; Value     ; Type                                 ;
+------------------------+-----------+--------------------------------------+
; DEVICE_FAMILY          ; Cyclone V ; Untyped                              ;
; AUTO_CARRY_CHAINS      ; ON        ; AUTO_CARRY                           ;
; IGNORE_CARRY_BUFFERS   ; OFF       ; IGNORE_CARRY                         ;
; AUTO_CASCADE_CHAINS    ; ON        ; AUTO_CASCADE                         ;
; IGNORE_CASCADE_BUFFERS ; OFF       ; IGNORE_CASCADE                       ;
+------------------------+-----------+--------------------------------------+
Note: In order to hide this table in the UI and the text report file, please set the "Show Parameter Settings in Synthesis Report" option in "Analysis and Synthesis Settings -> More Settings" to "Off".


+---------------------------------------------------------------------------+
; Parameter Settings for User Entity Instance: Lab4_CPU:inst13|74151:inst50 ;
+------------------------+-----------+--------------------------------------+
; Parameter Name         ; Value     ; Type                                 ;
+------------------------+-----------+--------------------------------------+
; DEVICE_FAMILY          ; Cyclone V ; Untyped                              ;
; AUTO_CARRY_CHAINS      ; ON        ; AUTO_CARRY                           ;
; IGNORE_CARRY_BUFFERS   ; OFF       ; IGNORE_CARRY                         ;
; AUTO_CASCADE_CHAINS    ; ON        ; AUTO_CASCADE                         ;
; IGNORE_CASCADE_BUFFERS ; OFF       ; IGNORE_CASCADE                       ;
+------------------------+-----------+--------------------------------------+
Note: In order to hide this table in the UI and the text report file, please set the "Show Parameter Settings in Synthesis Report" option in "Analysis and Synthesis Settings -> More Settings" to "Off".


+---------------------------------------------------------------------------------------+
; altsyncram Parameter Settings by Entity Instance                                      ;
+-------------------------------------------+-------------------------------------------+
; Name                                      ; Value                                     ;
+-------------------------------------------+-------------------------------------------+
; Number of entity instances                ; 1                                         ;
; Entity Instance                           ; ROM:inst7|altsyncram:altsyncram_component ;
;     -- OPERATION_MODE                     ; ROM                                       ;
;     -- WIDTH_A                            ; 8                                         ;
;     -- NUMWORDS_A                         ; 32768                                     ;
;     -- OUTDATA_REG_A                      ; UNREGISTERED                              ;
;     -- WIDTH_B                            ; 1                                         ;
;     -- NUMWORDS_B                         ; 0                                         ;
;     -- ADDRESS_REG_B                      ; CLOCK1                                    ;
;     -- OUTDATA_REG_B                      ; UNREGISTERED                              ;
;     -- RAM_BLOCK_TYPE                     ; AUTO                                      ;
;     -- READ_DURING_WRITE_MODE_MIXED_PORTS ; DONT_CARE                                 ;
+-------------------------------------------+-------------------------------------------+


+-----------------------------------------------------+
; Post-Synthesis Netlist Statistics for Top Partition ;
+-----------------------+-----------------------------+
; Type                  ; Count                       ;
+-----------------------+-----------------------------+
; arriav_ff             ; 18                          ;
;     CLR               ; 7                           ;
;     ENA CLR           ; 3                           ;
;     plain             ; 8                           ;
; arriav_lcell_comb     ; 40                          ;
;     extend            ; 3                           ;
;         7 data inputs ; 3                           ;
;     normal            ; 37                          ;
;         0 data inputs ; 2                           ;
;         1 data inputs ; 2                           ;
;         2 data inputs ; 3                           ;
;         3 data inputs ; 8                           ;
;         4 data inputs ; 4                           ;
;         5 data inputs ; 9                           ;
;         6 data inputs ; 9                           ;
; boundary_port         ; 51                          ;
; stratixv_ram_block    ; 4                           ;
;                       ;                             ;
; Max LUT depth         ; 4.00                        ;
; Average LUT depth     ; 2.58                        ;
+-----------------------+-----------------------------+


+-------------------------------+
; Elapsed Time Per Partition    ;
+----------------+--------------+
; Partition Name ; Elapsed Time ;
+----------------+--------------+
; Top            ; 00:00:00     ;
+----------------+--------------+


+-------------------------------+
; Analysis & Synthesis Messages ;
+-------------------------------+
Info: *******************************************************************
Info: Running Quartus Prime Analysis & Synthesis
    Info: Version 18.1.0 Build 625 09/12/2018 SJ Lite Edition
    Info: Processing started: Mon Nov 04 23:30:04 2019
Info: Command: quartus_map --read_settings_files=on --write_settings_files=off Lab6_Part2 -c Lab6_Part2
Warning (18236): Number of processors has not been specified which may cause overloading on shared machines.  Set the global assignment NUM_PARALLEL_PROCESSORS in your QSF to an appropriate value for best performance.
Info (20030): Parallel compilation is enabled and will use 4 of the 4 processors detected
Info (12021): Found 2 design units, including 1 entities, in source file rom.vhd
    Info (12022): Found design unit 1: rom-SYN File: C:/Users/conno/Desktop/Lab6_Part2/ROM.vhd Line: 52
    Info (12023): Found entity 1: ROM File: C:/Users/conno/Desktop/Lab6_Part2/ROM.vhd Line: 42
Info (12021): Found 2 design units, including 1 entities, in source file lab6_part2vhdl.vhd
    Info (12022): Found design unit 1: Lab6_Part2VHDL-logic File: C:/Users/conno/Desktop/Lab6_Part2/lab6_part2vhdl.vhd Line: 11
    Info (12023): Found entity 1: Lab6_Part2VHDL File: C:/Users/conno/Desktop/Lab6_Part2/lab6_part2vhdl.vhd Line: 2
Info (12021): Found 1 design units, including 1 entities, in source file lab6_part2.bdf
    Info (12023): Found entity 1: Lab6_Part2
Info (12127): Elaborating entity "Lab6_Part2" for the top level hierarchy
Info (12128): Elaborating entity "Lab6_Part2VHDL" for hierarchy "Lab6_Part2VHDL:inst334"
Info (12128): Elaborating entity "21mux" for hierarchy "21mux:inst"
Info (12130): Elaborated megafunction instantiation "21mux:inst"
Info (12128): Elaborating entity "ROM" for hierarchy "ROM:inst7"
Info (12128): Elaborating entity "altsyncram" for hierarchy "ROM:inst7|altsyncram:altsyncram_component" File: C:/Users/conno/Desktop/Lab6_Part2/ROM.vhd Line: 59
Info (12130): Elaborated megafunction instantiation "ROM:inst7|altsyncram:altsyncram_component" File: C:/Users/conno/Desktop/Lab6_Part2/ROM.vhd Line: 59
Info (12133): Instantiated megafunction "ROM:inst7|altsyncram:altsyncram_component" with the following parameter: File: C:/Users/conno/Desktop/Lab6_Part2/ROM.vhd Line: 59
    Info (12134): Parameter "address_aclr_a" = "NONE"
    Info (12134): Parameter "address_aclr_b" = "NONE"
    Info (12134): Parameter "address_reg_b" = "CLOCK1"
    Info (12134): Parameter "byte_size" = "8"
    Info (12134): Parameter "byteena_aclr_a" = "UNUSED"
    Info (12134): Parameter "byteena_aclr_b" = "NONE"
    Info (12134): Parameter "byteena_reg_b" = "CLOCK1"
    Info (12134): Parameter "clock_enable_core_a" = "USE_INPUT_CLKEN"
    Info (12134): Parameter "clock_enable_core_b" = "USE_INPUT_CLKEN"
    Info (12134): Parameter "clock_enable_input_a" = "BYPASS"
    Info (12134): Parameter "clock_enable_input_b" = "NORMAL"
    Info (12134): Parameter "clock_enable_output_a" = "BYPASS"
    Info (12134): Parameter "clock_enable_output_b" = "NORMAL"
    Info (12134): Parameter "intended_device_family" = "Cyclone V"
    Info (12134): Parameter "ecc_pipeline_stage_enabled" = "FALSE"
    Info (12134): Parameter "enable_ecc" = "FALSE"
    Info (12134): Parameter "implement_in_les" = "OFF"
    Info (12134): Parameter "indata_aclr_a" = "UNUSED"
    Info (12134): Parameter "indata_aclr_b" = "NONE"
    Info (12134): Parameter "indata_reg_b" = "CLOCK1"
    Info (12134): Parameter "init_file" = "rom_32k.mif"
    Info (12134): Parameter "init_file_layout" = "PORT_A"
    Info (12134): Parameter "maximum_depth" = "0"
    Info (12134): Parameter "numwords_a" = "32768"
    Info (12134): Parameter "numwords_b" = "0"
    Info (12134): Parameter "operation_mode" = "ROM"
    Info (12134): Parameter "outdata_aclr_a" = "NONE"
    Info (12134): Parameter "outdata_aclr_b" = "NONE"
    Info (12134): Parameter "outdata_reg_a" = "UNREGISTERED"
    Info (12134): Parameter "outdata_reg_b" = "UNREGISTERED"
    Info (12134): Parameter "power_up_uninitialized" = "FALSE"
    Info (12134): Parameter "ram_block_type" = "AUTO"
    Info (12134): Parameter "rdcontrol_aclr_b" = "NONE"
    Info (12134): Parameter "rdcontrol_reg_b" = "CLOCK1"
    Info (12134): Parameter "read_during_write_mode_mixed_ports" = "DONT_CARE"
    Info (12134): Parameter "read_during_write_mode_port_a" = "NEW_DATA_NO_NBE_READ"
    Info (12134): Parameter "read_during_write_mode_port_b" = "NEW_DATA_NO_NBE_READ"
    Info (12134): Parameter "stratixiv_m144k_allow_dual_clocks" = "ON"
    Info (12134): Parameter "width_a" = "8"
    Info (12134): Parameter "width_b" = "1"
    Info (12134): Parameter "width_byteena_a" = "1"
    Info (12134): Parameter "width_byteena_b" = "1"
    Info (12134): Parameter "width_eccstatus" = "3"
    Info (12134): Parameter "widthad_a" = "15"
    Info (12134): Parameter "widthad_b" = "1"
    Info (12134): Parameter "wrcontrol_aclr_a" = "UNUSED"
    Info (12134): Parameter "wrcontrol_aclr_b" = "NONE"
    Info (12134): Parameter "wrcontrol_wraddress_reg_b" = "CLOCK1"
    Info (12134): Parameter "lpm_hint" = "ENABLE_RUNTIME_MOD=NO"
    Info (12134): Parameter "lpm_type" = "altsyncram"
Info (12021): Found 1 design units, including 1 entities, in source file db/altsyncram_g824.tdf
    Info (12023): Found entity 1: altsyncram_g824 File: C:/Users/conno/Desktop/Lab6_Part2/db/altsyncram_g824.tdf Line: 31
Info (12128): Elaborating entity "altsyncram_g824" for hierarchy "ROM:inst7|altsyncram:altsyncram_component|altsyncram_g824:auto_generated" File: c:/intelfpga_lite/18.1/quartus/libraries/megafunctions/altsyncram.tdf Line: 791
Info (12021): Found 1 design units, including 1 entities, in source file db/decode_11a.tdf
    Info (12023): Found entity 1: decode_11a File: C:/Users/conno/Desktop/Lab6_Part2/db/decode_11a.tdf Line: 22
Info (12128): Elaborating entity "decode_11a" for hierarchy "ROM:inst7|altsyncram:altsyncram_component|altsyncram_g824:auto_generated|decode_11a:rden_decode" File: C:/Users/conno/Desktop/Lab6_Part2/db/altsyncram_g824.tdf Line: 39
Info (12021): Found 1 design units, including 1 entities, in source file db/mux_ofb.tdf
    Info (12023): Found entity 1: mux_ofb File: C:/Users/conno/Desktop/Lab6_Part2/db/mux_ofb.tdf Line: 22
Info (12128): Elaborating entity "mux_ofb" for hierarchy "ROM:inst7|altsyncram:altsyncram_component|altsyncram_g824:auto_generated|mux_ofb:mux2" File: C:/Users/conno/Desktop/Lab6_Part2/db/altsyncram_g824.tdf Line: 40
Info (12128): Elaborating entity "74161" for hierarchy "74161:inst14"
Info (12130): Elaborated megafunction instantiation "74161:inst14"
Info (12128): Elaborating entity "f74161" for hierarchy "74161:inst14|f74161:sub" File: c:/intelfpga_lite/18.1/quartus/libraries/others/maxplus2/74161.tdf Line: 33
Info (12131): Elaborated megafunction instantiation "74161:inst14|f74161:sub", which is child of megafunction instantiation "74161:inst14" File: c:/intelfpga_lite/18.1/quartus/libraries/others/maxplus2/74161.tdf Line: 33
Warning (12125): Using design file lab4_cpu.bdf, which is not specified as a design file for the current project, but contains definitions for 1 design units and 1 entities in project
    Info (12023): Found entity 1: Lab4_CPU
Info (12128): Elaborating entity "Lab4_CPU" for hierarchy "Lab4_CPU:inst13"
Info (12128): Elaborating entity "74283" for hierarchy "Lab4_CPU:inst13|74283:inst42"
Info (12130): Elaborated megafunction instantiation "Lab4_CPU:inst13|74283:inst42"
Info (12128): Elaborating entity "f74283" for hierarchy "Lab4_CPU:inst13|74283:inst42|f74283:sub" File: c:/intelfpga_lite/18.1/quartus/libraries/others/maxplus2/74283.tdf Line: 24
Info (12131): Elaborated megafunction instantiation "Lab4_CPU:inst13|74283:inst42|f74283:sub", which is child of megafunction instantiation "Lab4_CPU:inst13|74283:inst42" File: c:/intelfpga_lite/18.1/quartus/libraries/others/maxplus2/74283.tdf Line: 24
Info (12128): Elaborating entity "74153" for hierarchy "Lab4_CPU:inst13|74153:inst900"
Info (12130): Elaborated megafunction instantiation "Lab4_CPU:inst13|74153:inst900"
Info (12128): Elaborating entity "74151" for hierarchy "Lab4_CPU:inst13|74151:inst47"
Info (12130): Elaborated megafunction instantiation "Lab4_CPU:inst13|74151:inst47"
Info (12128): Elaborating entity "f74151" for hierarchy "Lab4_CPU:inst13|74151:inst47|f74151:sub" File: c:/intelfpga_lite/18.1/quartus/libraries/others/maxplus2/74151.tdf Line: 24
Info (12131): Elaborated megafunction instantiation "Lab4_CPU:inst13|74151:inst47|f74151:sub", which is child of megafunction instantiation "Lab4_CPU:inst13|74151:inst47" File: c:/intelfpga_lite/18.1/quartus/libraries/others/maxplus2/74151.tdf Line: 24
Info (12128): Elaborating entity "74151" for hierarchy "Lab4_CPU:inst13|74151:inst44"
Info (12130): Elaborated megafunction instantiation "Lab4_CPU:inst13|74151:inst44"
Info (12128): Elaborating entity "74151" for hierarchy "Lab4_CPU:inst13|74151:inst50"
Info (12130): Elaborated megafunction instantiation "Lab4_CPU:inst13|74151:inst50"
Warning (14284): Synthesized away the following node(s):
    Warning (14285): Synthesized away the following RAM node(s):
        Warning (14320): Synthesized away node "ROM:inst7|altsyncram:altsyncram_component|altsyncram_g824:auto_generated|ram_block1a0" File: C:/Users/conno/Desktop/Lab6_Part2/db/altsyncram_g824.tdf Line: 41
        Warning (14320): Synthesized away node "ROM:inst7|altsyncram:altsyncram_component|altsyncram_g824:auto_generated|ram_block1a1" File: C:/Users/conno/Desktop/Lab6_Part2/db/altsyncram_g824.tdf Line: 63
        Warning (14320): Synthesized away node "ROM:inst7|altsyncram:altsyncram_component|altsyncram_g824:auto_generated|ram_block1a2" File: C:/Users/conno/Desktop/Lab6_Part2/db/altsyncram_g824.tdf Line: 85
        Warning (14320): Synthesized away node "ROM:inst7|altsyncram:altsyncram_component|altsyncram_g824:auto_generated|ram_block1a3" File: C:/Users/conno/Desktop/Lab6_Part2/db/altsyncram_g824.tdf Line: 107
        Warning (14320): Synthesized away node "ROM:inst7|altsyncram:altsyncram_component|altsyncram_g824:auto_generated|ram_block1a4" File: C:/Users/conno/Desktop/Lab6_Part2/db/altsyncram_g824.tdf Line: 129
        Warning (14320): Synthesized away node "ROM:inst7|altsyncram:altsyncram_component|altsyncram_g824:auto_generated|ram_block1a5" File: C:/Users/conno/Desktop/Lab6_Part2/db/altsyncram_g824.tdf Line: 151
        Warning (14320): Synthesized away node "ROM:inst7|altsyncram:altsyncram_component|altsyncram_g824:auto_generated|ram_block1a6" File: C:/Users/conno/Desktop/Lab6_Part2/db/altsyncram_g824.tdf Line: 173
        Warning (14320): Synthesized away node "ROM:inst7|altsyncram:altsyncram_component|altsyncram_g824:auto_generated|ram_block1a7" File: C:/Users/conno/Desktop/Lab6_Part2/db/altsyncram_g824.tdf Line: 195
        Warning (14320): Synthesized away node "ROM:inst7|altsyncram:altsyncram_component|altsyncram_g824:auto_generated|ram_block1a12" File: C:/Users/conno/Desktop/Lab6_Part2/db/altsyncram_g824.tdf Line: 305
        Warning (14320): Synthesized away node "ROM:inst7|altsyncram:altsyncram_component|altsyncram_g824:auto_generated|ram_block1a13" File: C:/Users/conno/Desktop/Lab6_Part2/db/altsyncram_g824.tdf Line: 327
        Warning (14320): Synthesized away node "ROM:inst7|altsyncram:altsyncram_component|altsyncram_g824:auto_generated|ram_block1a14" File: C:/Users/conno/Desktop/Lab6_Part2/db/altsyncram_g824.tdf Line: 349
        Warning (14320): Synthesized away node "ROM:inst7|altsyncram:altsyncram_component|altsyncram_g824:auto_generated|ram_block1a15" File: C:/Users/conno/Desktop/Lab6_Part2/db/altsyncram_g824.tdf Line: 371
        Warning (14320): Synthesized away node "ROM:inst7|altsyncram:altsyncram_component|altsyncram_g824:auto_generated|ram_block1a16" File: C:/Users/conno/Desktop/Lab6_Part2/db/altsyncram_g824.tdf Line: 393
        Warning (14320): Synthesized away node "ROM:inst7|altsyncram:altsyncram_component|altsyncram_g824:auto_generated|ram_block1a17" File: C:/Users/conno/Desktop/Lab6_Part2/db/altsyncram_g824.tdf Line: 415
        Warning (14320): Synthesized away node "ROM:inst7|altsyncram:altsyncram_component|altsyncram_g824:auto_generated|ram_block1a18" File: C:/Users/conno/Desktop/Lab6_Part2/db/altsyncram_g824.tdf Line: 437
        Warning (14320): Synthesized away node "ROM:inst7|altsyncram:altsyncram_component|altsyncram_g824:auto_generated|ram_block1a19" File: C:/Users/conno/Desktop/Lab6_Part2/db/altsyncram_g824.tdf Line: 459
        Warning (14320): Synthesized away node "ROM:inst7|altsyncram:altsyncram_component|altsyncram_g824:auto_generated|ram_block1a20" File: C:/Users/conno/Desktop/Lab6_Part2/db/altsyncram_g824.tdf Line: 481
        Warning (14320): Synthesized away node "ROM:inst7|altsyncram:altsyncram_component|altsyncram_g824:auto_generated|ram_block1a21" File: C:/Users/conno/Desktop/Lab6_Part2/db/altsyncram_g824.tdf Line: 503
        Warning (14320): Synthesized away node "ROM:inst7|altsyncram:altsyncram_component|altsyncram_g824:auto_generated|ram_block1a22" File: C:/Users/conno/Desktop/Lab6_Part2/db/altsyncram_g824.tdf Line: 525
        Warning (14320): Synthesized away node "ROM:inst7|altsyncram:altsyncram_component|altsyncram_g824:auto_generated|ram_block1a23" File: C:/Users/conno/Desktop/Lab6_Part2/db/altsyncram_g824.tdf Line: 547
        Warning (14320): Synthesized away node "ROM:inst7|altsyncram:altsyncram_component|altsyncram_g824:auto_generated|ram_block1a24" File: C:/Users/conno/Desktop/Lab6_Part2/db/altsyncram_g824.tdf Line: 569
        Warning (14320): Synthesized away node "ROM:inst7|altsyncram:altsyncram_component|altsyncram_g824:auto_generated|ram_block1a25" File: C:/Users/conno/Desktop/Lab6_Part2/db/altsyncram_g824.tdf Line: 591
        Warning (14320): Synthesized away node "ROM:inst7|altsyncram:altsyncram_component|altsyncram_g824:auto_generated|ram_block1a26" File: C:/Users/conno/Desktop/Lab6_Part2/db/altsyncram_g824.tdf Line: 613
        Warning (14320): Synthesized away node "ROM:inst7|altsyncram:altsyncram_component|altsyncram_g824:auto_generated|ram_block1a27" File: C:/Users/conno/Desktop/Lab6_Part2/db/altsyncram_g824.tdf Line: 635
        Warning (14320): Synthesized away node "ROM:inst7|altsyncram:altsyncram_component|altsyncram_g824:auto_generated|ram_block1a28" File: C:/Users/conno/Desktop/Lab6_Part2/db/altsyncram_g824.tdf Line: 657
        Warning (14320): Synthesized away node "ROM:inst7|altsyncram:altsyncram_component|altsyncram_g824:auto_generated|ram_block1a29" File: C:/Users/conno/Desktop/Lab6_Part2/db/altsyncram_g824.tdf Line: 679
        Warning (14320): Synthesized away node "ROM:inst7|altsyncram:altsyncram_component|altsyncram_g824:auto_generated|ram_block1a30" File: C:/Users/conno/Desktop/Lab6_Part2/db/altsyncram_g824.tdf Line: 701
        Warning (14320): Synthesized away node "ROM:inst7|altsyncram:altsyncram_component|altsyncram_g824:auto_generated|ram_block1a31" File: C:/Users/conno/Desktop/Lab6_Part2/db/altsyncram_g824.tdf Line: 723
Info (13014): Ignored 29 buffer(s)
    Info (13015): Ignored 9 CARRY buffer(s)
    Info (13017): Ignored 8 CASCADE buffer(s)
    Info (13019): Ignored 12 SOFT buffer(s)
Warning (13024): Output pins are stuck at VCC or GND
    Warning (13410): Pin "A[14]" is stuck at GND
    Warning (13410): Pin "A[13]" is stuck at VCC
    Warning (13410): Pin "A[12]" is stuck at VCC
    Warning (13410): Pin "A[11]" is stuck at VCC
    Warning (13410): Pin "A[10]" is stuck at VCC
    Warning (13410): Pin "A[9]" is stuck at VCC
    Warning (13410): Pin "A[8]" is stuck at GND
    Warning (13410): Pin "A[7]" is stuck at GND
    Warning (13410): Pin "A[6]" is stuck at VCC
    Warning (13410): Pin "A[5]" is stuck at VCC
    Warning (13410): Pin "A[4]" is stuck at VCC
Info (286030): Timing-Driven Synthesis is running
Info (17036): Removed 9 MSB VCC or GND address nodes from RAM block "ROM:inst7|altsyncram:altsyncram_component|altsyncram_g824:auto_generated|ALTSYNCRAM" File: C:/Users/conno/Desktop/Lab6_Part2/db/altsyncram_g824.tdf Line: 283
Info (16010): Generating hard_block partition "hard_block:auto_generated_inst"
    Info (16011): Adding 0 node(s), including 0 DDIO, 0 PLL, 0 transceiver and 0 LCELL
Info (21057): Implemented 96 device resources after synthesis - the final resource count might be different
    Info (21058): Implemented 3 input pins
    Info (21059): Implemented 48 output pins
    Info (21061): Implemented 41 logic cells
    Info (21064): Implemented 4 RAM segments
Info: Quartus Prime Analysis & Synthesis was successful. 0 errors, 44 warnings
    Info: Peak virtual memory: 4873 megabytes
    Info: Processing ended: Mon Nov 04 23:30:16 2019
    Info: Elapsed time: 00:00:12
    Info: Total CPU time (on all processors): 00:00:23


