Flow report for Lab6_Part2_VHDL_ROM
Tue Nov 05 12:12:25 2019
Quartus Prime Version 18.1.0 Build 625 09/12/2018 SJ Lite Edition


---------------------
; Table of Contents ;
---------------------
  1. Legal Notice
  2. Flow Summary
  3. Flow Settings
  4. Flow Non-Default Global Settings
  5. Flow Elapsed Time
  6. Flow OS Summary
  7. Flow Log
  8. Flow Messages
  9. Flow Suppressed Messages



----------------
; Legal Notice ;
----------------
Copyright (C) 2018  Intel Corporation. All rights reserved.
Your use of Intel Corporation's design tools, logic functions 
and other software and tools, and its AMPP partner logic 
functions, and any output files from any of the foregoing 
(including device programming or simulation files), and any 
associated documentation or information are expressly subject 
to the terms and conditions of the Intel Program License 
Subscription Agreement, the Intel Quartus Prime License Agreement,
the Intel FPGA IP License Agreement, or other applicable license
agreement, including, without limitation, that your use is for
the sole purpose of programming logic devices manufactured by
Intel and sold by Intel or its authorized distributors.  Please
refer to the applicable agreement for further details.



+----------------------------------------------------------------------------------+
; Flow Summary                                                                     ;
+------------------------------------+---------------------------------------------+
; Flow Status                        ; Successful - Tue Nov 05 12:12:25 2019       ;
; Quartus Prime Version              ; 18.1.0 Build 625 09/12/2018 SJ Lite Edition ;
; Revision Name                      ; Lab6_Part2_VHDL_ROM                         ;
; Top-level Entity Name              ; Lab6_Part2_VHDL_ROM                         ;
; Family                             ; MAX 10                                      ;
; Device                             ; 10M02SCU169C8G                              ;
; Timing Models                      ; Final                                       ;
; Total logic elements               ; 67 / 2,304 ( 3 % )                          ;
;     Total combinational functions  ; 63 / 2,304 ( 3 % )                          ;
;     Dedicated logic registers      ; 21 / 2,304 ( < 1 % )                        ;
; Total registers                    ; 21                                          ;
; Total pins                         ; 50 / 130 ( 38 % )                           ;
; Total virtual pins                 ; 0                                           ;
; Total memory bits                  ; 0 / 110,592 ( 0 % )                         ;
; Embedded Multiplier 9-bit elements ; 0 / 32 ( 0 % )                              ;
; Total PLLs                         ; 0 / 1 ( 0 % )                               ;
; UFM blocks                         ; 0 / 1 ( 0 % )                               ;
; ADC blocks                         ; 0                                           ;
+------------------------------------+---------------------------------------------+


+-----------------------------------------+
; Flow Settings                           ;
+-------------------+---------------------+
; Option            ; Setting             ;
+-------------------+---------------------+
; Start date & time ; 11/05/2019 12:03:34 ;
; Main task         ; Compilation         ;
; Revision Name     ; Lab6_Part2_VHDL_ROM ;
+-------------------+---------------------+


+-----------------------------------------------------------------------------------------------------------------------------+
; Flow Non-Default Global Settings                                                                                            ;
+-------------------------------------+----------------------------------------+---------------+-------------+----------------+
; Assignment Name                     ; Value                                  ; Default Value ; Entity Name ; Section Id     ;
+-------------------------------------+----------------------------------------+---------------+-------------+----------------+
; COMPILER_SIGNATURE_ID               ; 128454786312691.157297341415824        ; --            ; --          ; --             ;
; EDA_OUTPUT_DATA_FORMAT              ; Vhdl                                   ; --            ; --          ; eda_simulation ;
; EDA_SIMULATION_TOOL                 ; ModelSim-Altera (VHDL)                 ; <None>        ; --          ; --             ;
; EDA_TIME_SCALE                      ; 1 ps                                   ; --            ; --          ; eda_simulation ;
; MAX_CORE_JUNCTION_TEMP              ; 85                                     ; --            ; --          ; --             ;
; MIN_CORE_JUNCTION_TEMP              ; 0                                      ; --            ; --          ; --             ;
; OUTPUT_IO_TIMING_FAR_END_VMEAS      ; Half Signal Swing                      ; --            ; --          ; --             ;
; OUTPUT_IO_TIMING_FAR_END_VMEAS      ; Half Signal Swing                      ; --            ; --          ; --             ;
; OUTPUT_IO_TIMING_NEAR_END_VMEAS     ; Half Vccio                             ; --            ; --          ; --             ;
; OUTPUT_IO_TIMING_NEAR_END_VMEAS     ; Half Vccio                             ; --            ; --          ; --             ;
; PARTITION_COLOR                     ; -- (Not supported for targeted family) ; --            ; --          ; Top            ;
; PARTITION_FITTER_PRESERVATION_LEVEL ; -- (Not supported for targeted family) ; --            ; --          ; Top            ;
; PARTITION_NETLIST_TYPE              ; -- (Not supported for targeted family) ; --            ; --          ; Top            ;
; PROJECT_OUTPUT_DIRECTORY            ; output_files                           ; --            ; --          ; --             ;
+-------------------------------------+----------------------------------------+---------------+-------------+----------------+


+--------------------------------------------------------------------------------------------------------------------------+
; Flow Elapsed Time                                                                                                        ;
+----------------------+--------------+-------------------------+---------------------+------------------------------------+
; Module Name          ; Elapsed Time ; Average Processors Used ; Peak Virtual Memory ; Total CPU Time (on all processors) ;
+----------------------+--------------+-------------------------+---------------------+------------------------------------+
; Analysis & Synthesis ; 00:00:12     ; 1.0                     ; 4816 MB             ; 00:00:22                           ;
; Fitter               ; 00:00:06     ; 1.0                     ; 5539 MB             ; 00:00:06                           ;
; Assembler            ; 00:00:01     ; 1.0                     ; 4674 MB             ; 00:00:01                           ;
; Power Analyzer       ; 00:00:02     ; 1.0                     ; 4813 MB             ; 00:00:02                           ;
; Timing Analyzer      ; 00:00:03     ; 1.0                     ; 4773 MB             ; 00:00:02                           ;
; EDA Netlist Writer   ; 00:00:01     ; 1.0                     ; 4643 MB             ; 00:00:01                           ;
; EDA Netlist Writer   ; 00:00:01     ; 1.0                     ; 4628 MB             ; 00:00:01                           ;
; EDA Netlist Writer   ; 00:00:01     ; 1.0                     ; 4636 MB             ; 00:00:01                           ;
; EDA Netlist Writer   ; 00:00:01     ; 1.0                     ; 4628 MB             ; 00:00:01                           ;
; EDA Netlist Writer   ; 00:00:01     ; 1.0                     ; 4636 MB             ; 00:00:01                           ;
; Total                ; 00:00:29     ; --                      ; --                  ; 00:00:38                           ;
+----------------------+--------------+-------------------------+---------------------+------------------------------------+


+------------------------------------------------------------------------------------+
; Flow OS Summary                                                                    ;
+----------------------+------------------+------------+------------+----------------+
; Module Name          ; Machine Hostname ; OS Name    ; OS Version ; Processor type ;
+----------------------+------------------+------------+------------+----------------+
; Analysis & Synthesis ; DESKTOP-Q283R7A  ; Windows 10 ; 10.0       ; x86_64         ;
; Fitter               ; DESKTOP-Q283R7A  ; Windows 10 ; 10.0       ; x86_64         ;
; Assembler            ; DESKTOP-Q283R7A  ; Windows 10 ; 10.0       ; x86_64         ;
; Power Analyzer       ; DESKTOP-Q283R7A  ; Windows 10 ; 10.0       ; x86_64         ;
; Timing Analyzer      ; DESKTOP-Q283R7A  ; Windows 10 ; 10.0       ; x86_64         ;
; EDA Netlist Writer   ; DESKTOP-Q283R7A  ; Windows 10 ; 10.0       ; x86_64         ;
; EDA Netlist Writer   ; DESKTOP-Q283R7A  ; Windows 10 ; 10.0       ; x86_64         ;
; EDA Netlist Writer   ; DESKTOP-Q283R7A  ; Windows 10 ; 10.0       ; x86_64         ;
; EDA Netlist Writer   ; DESKTOP-Q283R7A  ; Windows 10 ; 10.0       ; x86_64         ;
; EDA Netlist Writer   ; DESKTOP-Q283R7A  ; Windows 10 ; 10.0       ; x86_64         ;
+----------------------+------------------+------------+------------+----------------+


------------
; Flow Log ;
------------
quartus_map --read_settings_files=on --write_settings_files=off Lab6_Part2_VHDL_ROM -c Lab6_Part2_VHDL_ROM
quartus_fit --read_settings_files=off --write_settings_files=off Lab6_Part2_VHDL_ROM -c Lab6_Part2_VHDL_ROM
quartus_asm --read_settings_files=off --write_settings_files=off Lab6_Part2_VHDL_ROM -c Lab6_Part2_VHDL_ROM
quartus_pow --read_settings_files=off --write_settings_files=off Lab6_Part2_VHDL_ROM -c Lab6_Part2_VHDL_ROM
quartus_sta Lab6_Part2_VHDL_ROM -c Lab6_Part2_VHDL_ROM
quartus_eda --read_settings_files=off --write_settings_files=off Lab6_Part2_VHDL_ROM -c Lab6_Part2_VHDL_ROM
quartus_eda --gen_testbench --tool=modelsim_oem --format=vhdl --write_settings_files=off Lab6_Part2_VHDL_ROM -c Lab6_Part2_VHDL_ROM --vector_source=C:/Users/conno/Desktop/Lab6_Part2_VHDL_ROM/Waveform.vwf --testbench_file=C:/Users/conno/Desktop/Lab6_Part2_VHDL_ROM/simulation/qsim/Waveform.vwf.vht
quartus_eda --write_settings_files=off --simulation=on --functional=on --flatten_buses=off --tool=modelsim_oem --format=vhdl --output_directory=C:/Users/conno/Desktop/Lab6_Part2_VHDL_ROM/simulation/qsim/ Lab6_Part2_VHDL_ROM -c Lab6_Part2_VHDL_ROM
quartus_eda --gen_testbench --tool=modelsim_oem --format=vhdl --write_settings_files=off Lab6_Part2_VHDL_ROM -c Lab6_Part2_VHDL_ROM --vector_source=C:/Users/conno/Desktop/Lab6_Part2_VHDL_ROM/Waveform.vwf --testbench_file=C:/Users/conno/Desktop/Lab6_Part2_VHDL_ROM/simulation/qsim/Waveform.vwf.vht
quartus_eda --write_settings_files=off --simulation=on --functional=on --flatten_buses=off --tool=modelsim_oem --format=vhdl --output_directory=C:/Users/conno/Desktop/Lab6_Part2_VHDL_ROM/simulation/qsim/ Lab6_Part2_VHDL_ROM -c Lab6_Part2_VHDL_ROM



