Analysis & Synthesis report for Lab6_Part2_VHDL_ROM
Tue Nov 05 12:03:46 2019
Quartus Prime Version 18.1.0 Build 625 09/12/2018 SJ Lite Edition


---------------------
; Table of Contents ;
---------------------
  1. Legal Notice
  2. Analysis & Synthesis Summary
  3. Analysis & Synthesis Settings
  4. Parallel Compilation
  5. Analysis & Synthesis Source Files Read
  6. Analysis & Synthesis Resource Usage Summary
  7. Analysis & Synthesis Resource Utilization by Entity
  8. Registers Removed During Synthesis
  9. General Register Statistics
 10. Multiplexer Restructuring Statistics (Restructuring Performed)
 11. Parameter Settings for User Entity Instance: 74161:inst14
 12. Parameter Settings for User Entity Instance: Lab4_CPU:inst10|74283:inst42
 13. Parameter Settings for User Entity Instance: Lab4_CPU:inst10|74151:inst47
 14. Parameter Settings for User Entity Instance: Lab4_CPU:inst10|74151:inst44
 15. Parameter Settings for User Entity Instance: Lab4_CPU:inst10|74151:inst48
 16. Parameter Settings for User Entity Instance: Lab4_CPU:inst10|74151:inst50
 17. Post-Synthesis Netlist Statistics for Top Partition
 18. Elapsed Time Per Partition
 19. Analysis & Synthesis Messages



----------------
; Legal Notice ;
----------------
Copyright (C) 2018  Intel Corporation. All rights reserved.
Your use of Intel Corporation's design tools, logic functions 
and other software and tools, and its AMPP partner logic 
functions, and any output files from any of the foregoing 
(including device programming or simulation files), and any 
associated documentation or information are expressly subject 
to the terms and conditions of the Intel Program License 
Subscription Agreement, the Intel Quartus Prime License Agreement,
the Intel FPGA IP License Agreement, or other applicable license
agreement, including, without limitation, that your use is for
the sole purpose of programming logic devices manufactured by
Intel and sold by Intel or its authorized distributors.  Please
refer to the applicable agreement for further details.



+----------------------------------------------------------------------------------+
; Analysis & Synthesis Summary                                                     ;
+------------------------------------+---------------------------------------------+
; Analysis & Synthesis Status        ; Successful - Tue Nov 05 12:03:46 2019       ;
; Quartus Prime Version              ; 18.1.0 Build 625 09/12/2018 SJ Lite Edition ;
; Revision Name                      ; Lab6_Part2_VHDL_ROM                         ;
; Top-level Entity Name              ; Lab6_Part2_VHDL_ROM                         ;
; Family                             ; MAX 10                                      ;
; Total logic elements               ; 65                                          ;
;     Total combinational functions  ; 62                                          ;
;     Dedicated logic registers      ; 21                                          ;
; Total registers                    ; 21                                          ;
; Total pins                         ; 50                                          ;
; Total virtual pins                 ; 0                                           ;
; Total memory bits                  ; 0                                           ;
; Embedded Multiplier 9-bit elements ; 0                                           ;
; Total PLLs                         ; 0                                           ;
; UFM blocks                         ; 0                                           ;
; ADC blocks                         ; 0                                           ;
+------------------------------------+---------------------------------------------+


+--------------------------------------------------------------------------------------------------------------+
; Analysis & Synthesis Settings                                                                                ;
+------------------------------------------------------------------+---------------------+---------------------+
; Option                                                           ; Setting             ; Default Value       ;
+------------------------------------------------------------------+---------------------+---------------------+
; Device                                                           ; 10M02SCU169C8G      ;                     ;
; Top-level entity name                                            ; Lab6_Part2_VHDL_ROM ; Lab6_Part2_VHDL_ROM ;
; Family name                                                      ; MAX 10              ; Cyclone V           ;
; Use smart compilation                                            ; Off                 ; Off                 ;
; Enable parallel Assembler and Timing Analyzer during compilation ; On                  ; On                  ;
; Enable compact report table                                      ; Off                 ; Off                 ;
; Restructure Multiplexers                                         ; Auto                ; Auto                ;
; Create Debugging Nodes for IP Cores                              ; Off                 ; Off                 ;
; Preserve fewer node names                                        ; On                  ; On                  ;
; Intel FPGA IP Evaluation Mode                                    ; Enable              ; Enable              ;
; Verilog Version                                                  ; Verilog_2001        ; Verilog_2001        ;
; VHDL Version                                                     ; VHDL_1993           ; VHDL_1993           ;
; State Machine Processing                                         ; Auto                ; Auto                ;
; Safe State Machine                                               ; Off                 ; Off                 ;
; Extract Verilog State Machines                                   ; On                  ; On                  ;
; Extract VHDL State Machines                                      ; On                  ; On                  ;
; Ignore Verilog initial constructs                                ; Off                 ; Off                 ;
; Iteration limit for constant Verilog loops                       ; 5000                ; 5000                ;
; Iteration limit for non-constant Verilog loops                   ; 250                 ; 250                 ;
; Add Pass-Through Logic to Inferred RAMs                          ; On                  ; On                  ;
; Infer RAMs from Raw Logic                                        ; On                  ; On                  ;
; Parallel Synthesis                                               ; On                  ; On                  ;
; DSP Block Balancing                                              ; Auto                ; Auto                ;
; NOT Gate Push-Back                                               ; On                  ; On                  ;
; Power-Up Don't Care                                              ; On                  ; On                  ;
; Remove Redundant Logic Cells                                     ; Off                 ; Off                 ;
; Remove Duplicate Registers                                       ; On                  ; On                  ;
; Ignore CARRY Buffers                                             ; Off                 ; Off                 ;
; Ignore CASCADE Buffers                                           ; Off                 ; Off                 ;
; Ignore GLOBAL Buffers                                            ; Off                 ; Off                 ;
; Ignore ROW GLOBAL Buffers                                        ; Off                 ; Off                 ;
; Ignore LCELL Buffers                                             ; Off                 ; Off                 ;
; Ignore SOFT Buffers                                              ; On                  ; On                  ;
; Limit AHDL Integers to 32 Bits                                   ; Off                 ; Off                 ;
; Optimization Technique                                           ; Balanced            ; Balanced            ;
; Carry Chain Length                                               ; 70                  ; 70                  ;
; Auto Carry Chains                                                ; On                  ; On                  ;
; Auto Open-Drain Pins                                             ; On                  ; On                  ;
; Perform WYSIWYG Primitive Resynthesis                            ; Off                 ; Off                 ;
; Auto ROM Replacement                                             ; On                  ; On                  ;
; Auto RAM Replacement                                             ; On                  ; On                  ;
; Auto DSP Block Replacement                                       ; On                  ; On                  ;
; Auto Shift Register Replacement                                  ; Auto                ; Auto                ;
; Allow Shift Register Merging across Hierarchies                  ; Auto                ; Auto                ;
; Auto Clock Enable Replacement                                    ; On                  ; On                  ;
; Strict RAM Replacement                                           ; Off                 ; Off                 ;
; Allow Synchronous Control Signals                                ; On                  ; On                  ;
; Force Use of Synchronous Clear Signals                           ; Off                 ; Off                 ;
; Auto RAM Block Balancing                                         ; On                  ; On                  ;
; Auto RAM to Logic Cell Conversion                                ; Off                 ; Off                 ;
; Auto Resource Sharing                                            ; Off                 ; Off                 ;
; Allow Any RAM Size For Recognition                               ; Off                 ; Off                 ;
; Allow Any ROM Size For Recognition                               ; Off                 ; Off                 ;
; Allow Any Shift Register Size For Recognition                    ; Off                 ; Off                 ;
; Use LogicLock Constraints during Resource Balancing              ; On                  ; On                  ;
; Ignore translate_off and synthesis_off directives                ; Off                 ; Off                 ;
; Timing-Driven Synthesis                                          ; On                  ; On                  ;
; Report Parameter Settings                                        ; On                  ; On                  ;
; Report Source Assignments                                        ; On                  ; On                  ;
; Report Connectivity Checks                                       ; On                  ; On                  ;
; Ignore Maximum Fan-Out Assignments                               ; Off                 ; Off                 ;
; Synchronization Register Chain Length                            ; 2                   ; 2                   ;
; Power Optimization During Synthesis                              ; Normal compilation  ; Normal compilation  ;
; HDL message level                                                ; Level2              ; Level2              ;
; Suppress Register Optimization Related Messages                  ; Off                 ; Off                 ;
; Number of Removed Registers Reported in Synthesis Report         ; 5000                ; 5000                ;
; Number of Swept Nodes Reported in Synthesis Report               ; 5000                ; 5000                ;
; Number of Inverted Registers Reported in Synthesis Report        ; 100                 ; 100                 ;
; Clock MUX Protection                                             ; On                  ; On                  ;
; Auto Gated Clock Conversion                                      ; Off                 ; Off                 ;
; Block Design Naming                                              ; Auto                ; Auto                ;
; SDC constraint protection                                        ; Off                 ; Off                 ;
; Synthesis Effort                                                 ; Auto                ; Auto                ;
; Shift Register Replacement - Allow Asynchronous Clear Signal     ; On                  ; On                  ;
; Pre-Mapping Resynthesis Optimization                             ; Off                 ; Off                 ;
; Analysis & Synthesis Message Level                               ; Medium              ; Medium              ;
; Disable Register Merging Across Hierarchies                      ; Auto                ; Auto                ;
; Resource Aware Inference For Block RAM                           ; On                  ; On                  ;
+------------------------------------------------------------------+---------------------+---------------------+


+------------------------------------------+
; Parallel Compilation                     ;
+----------------------------+-------------+
; Processors                 ; Number      ;
+----------------------------+-------------+
; Number detected on machine ; 4           ;
; Maximum allowed            ; 4           ;
;                            ;             ;
; Average used               ; 1.00        ;
; Maximum used               ; 4           ;
;                            ;             ;
; Usage by Processor         ; % Time Used ;
;     Processor 1            ; 100.0%      ;
;     Processor 2            ;   0.0%      ;
;     Processors 3-4         ;   0.0%      ;
+----------------------------+-------------+


+-------------------------------------------------------------------------------------------------------------------------------------------------------------------------------+
; Analysis & Synthesis Source Files Read                                                                                                                                        ;
+----------------------------------+-----------------+------------------------------------------+---------------------------------------------------------------------+---------+
; File Name with User-Entered Path ; Used in Netlist ; File Type                                ; File Name with Absolute Path                                        ; Library ;
+----------------------------------+-----------------+------------------------------------------+---------------------------------------------------------------------+---------+
; Lab6_Part2_VHDL_ROM.bdf          ; yes             ; User Block Diagram/Schematic File        ; C:/Users/conno/Desktop/Lab6_Part2_VHDL_ROM/Lab6_Part2_VHDL_ROM.bdf  ;         ;
; board_vhdl_ROM.vhd               ; yes             ; User VHDL File                           ; C:/Users/conno/Desktop/Lab6_Part2_VHDL_ROM/board_vhdl_ROM.vhd       ;         ;
; board_ROM_vhdl_init.vhd          ; yes             ; User VHDL File                           ; C:/Users/conno/Desktop/Lab6_Part2_VHDL_ROM/board_ROM_vhdl_init.vhd  ;         ;
; lab6_part2vhdl.vhd               ; yes             ; Auto-Found VHDL File                     ; C:/Users/conno/Desktop/Lab6_Part2_VHDL_ROM/lab6_part2vhdl.vhd       ;         ;
; 21mux.bdf                        ; yes             ; Megafunction                             ; c:/intelfpga_lite/18.1/quartus/libraries/others/maxplus2/21mux.bdf  ;         ;
; 74161.tdf                        ; yes             ; Megafunction                             ; c:/intelfpga_lite/18.1/quartus/libraries/others/maxplus2/74161.tdf  ;         ;
; aglobal.inc                      ; yes             ; Megafunction                             ; c:/intelfpga_lite/18.1/quartus/libraries/megafunctions/aglobal.inc  ;         ;
; f74161.bdf                       ; yes             ; Megafunction                             ; c:/intelfpga_lite/18.1/quartus/libraries/others/maxplus2/f74161.bdf ;         ;
; lab4_cpu.bdf                     ; yes             ; Auto-Found Block Diagram/Schematic File  ; C:/Users/conno/Desktop/Lab6_Part2_VHDL_ROM/lab4_cpu.bdf             ;         ;
; 74283.tdf                        ; yes             ; Megafunction                             ; c:/intelfpga_lite/18.1/quartus/libraries/others/maxplus2/74283.tdf  ;         ;
; f74283.bdf                       ; yes             ; Megafunction                             ; c:/intelfpga_lite/18.1/quartus/libraries/others/maxplus2/f74283.bdf ;         ;
; 74153.bdf                        ; yes             ; Megafunction                             ; c:/intelfpga_lite/18.1/quartus/libraries/others/maxplus2/74153.bdf  ;         ;
; 74151.tdf                        ; yes             ; Megafunction                             ; c:/intelfpga_lite/18.1/quartus/libraries/others/maxplus2/74151.tdf  ;         ;
; f74151.bdf                       ; yes             ; Megafunction                             ; c:/intelfpga_lite/18.1/quartus/libraries/others/maxplus2/f74151.bdf ;         ;
+----------------------------------+-----------------+------------------------------------------+---------------------------------------------------------------------+---------+


+------------------------------------------------------+
; Analysis & Synthesis Resource Usage Summary          ;
+---------------------------------------------+--------+
; Resource                                    ; Usage  ;
+---------------------------------------------+--------+
; Estimated Total logic elements              ; 65     ;
;                                             ;        ;
; Total combinational functions               ; 62     ;
; Logic element usage by number of LUT inputs ;        ;
;     -- 4 input functions                    ; 43     ;
;     -- 3 input functions                    ; 12     ;
;     -- <=2 input functions                  ; 7      ;
;                                             ;        ;
; Logic elements by mode                      ;        ;
;     -- normal mode                          ; 62     ;
;     -- arithmetic mode                      ; 0      ;
;                                             ;        ;
; Total registers                             ; 21     ;
;     -- Dedicated logic registers            ; 21     ;
;     -- I/O registers                        ; 0      ;
;                                             ;        ;
; I/O pins                                    ; 50     ;
;                                             ;        ;
; Embedded Multiplier 9-bit elements          ; 0      ;
;                                             ;        ;
; Maximum fan-out node                        ; inst27 ;
; Maximum fan-out                             ; 19     ;
; Total fan-out                               ; 362    ;
; Average fan-out                             ; 1.98   ;
+---------------------------------------------+--------+


+--------------------------------------------------------------------------------------------------------------------------------------------------------------------------------------------------------------------------------------------------------------------------------------+
; Analysis & Synthesis Resource Utilization by Entity                                                                                                                                                                                                                                  ;
+-----------------------------+---------------------+---------------------------+-------------+------------+--------------+---------+-----------+------+--------------+------------+--------------------------------------------------------------+---------------------+--------------+
; Compilation Hierarchy Node  ; Combinational ALUTs ; Dedicated Logic Registers ; Memory Bits ; UFM Blocks ; DSP Elements ; DSP 9x9 ; DSP 18x18 ; Pins ; Virtual Pins ; ADC blocks ; Full Hierarchy Name                                          ; Entity Name         ; Library Name ;
+-----------------------------+---------------------+---------------------------+-------------+------------+--------------+---------+-----------+------+--------------+------------+--------------------------------------------------------------+---------------------+--------------+
; |Lab6_Part2_VHDL_ROM        ; 62 (1)              ; 21 (6)                    ; 0           ; 0          ; 0            ; 0       ; 0         ; 50   ; 0            ; 0          ; |Lab6_Part2_VHDL_ROM                                         ; Lab6_Part2_VHDL_ROM ; work         ;
;    |74161:inst14|           ; 5 (0)               ; 4 (0)                     ; 0           ; 0          ; 0            ; 0       ; 0         ; 0    ; 0            ; 0          ; |Lab6_Part2_VHDL_ROM|74161:inst14                            ; 74161               ; work         ;
;       |f74161:sub|          ; 5 (5)               ; 4 (4)                     ; 0           ; 0          ; 0            ; 0       ; 0         ; 0    ; 0            ; 0          ; |Lab6_Part2_VHDL_ROM|74161:inst14|f74161:sub                 ; f74161              ; work         ;
;    |BOARD_VHDL_ROM:inst11|  ; 3 (3)               ; 3 (3)                     ; 0           ; 0          ; 0            ; 0       ; 0         ; 0    ; 0            ; 0          ; |Lab6_Part2_VHDL_ROM|BOARD_VHDL_ROM:inst11                   ; BOARD_VHDL_ROM      ; work         ;
;    |Lab4_CPU:inst10|        ; 39 (0)              ; 8 (8)                     ; 0           ; 0          ; 0            ; 0       ; 0         ; 0    ; 0            ; 0          ; |Lab6_Part2_VHDL_ROM|Lab4_CPU:inst10                         ; Lab4_CPU            ; work         ;
;       |74151:inst44|        ; 5 (0)               ; 0 (0)                     ; 0           ; 0          ; 0            ; 0       ; 0         ; 0    ; 0            ; 0          ; |Lab6_Part2_VHDL_ROM|Lab4_CPU:inst10|74151:inst44            ; 74151               ; work         ;
;          |f74151:sub|       ; 5 (5)               ; 0 (0)                     ; 0           ; 0          ; 0            ; 0       ; 0         ; 0    ; 0            ; 0          ; |Lab6_Part2_VHDL_ROM|Lab4_CPU:inst10|74151:inst44|f74151:sub ; f74151              ; work         ;
;       |74151:inst47|        ; 6 (0)               ; 0 (0)                     ; 0           ; 0          ; 0            ; 0       ; 0         ; 0    ; 0            ; 0          ; |Lab6_Part2_VHDL_ROM|Lab4_CPU:inst10|74151:inst47            ; 74151               ; work         ;
;          |f74151:sub|       ; 6 (6)               ; 0 (0)                     ; 0           ; 0          ; 0            ; 0       ; 0         ; 0    ; 0            ; 0          ; |Lab6_Part2_VHDL_ROM|Lab4_CPU:inst10|74151:inst47|f74151:sub ; f74151              ; work         ;
;       |74151:inst48|        ; 5 (0)               ; 0 (0)                     ; 0           ; 0          ; 0            ; 0       ; 0         ; 0    ; 0            ; 0          ; |Lab6_Part2_VHDL_ROM|Lab4_CPU:inst10|74151:inst48            ; 74151               ; work         ;
;          |f74151:sub|       ; 5 (5)               ; 0 (0)                     ; 0           ; 0          ; 0            ; 0       ; 0         ; 0    ; 0            ; 0          ; |Lab6_Part2_VHDL_ROM|Lab4_CPU:inst10|74151:inst48|f74151:sub ; f74151              ; work         ;
;       |74151:inst50|        ; 3 (0)               ; 0 (0)                     ; 0           ; 0          ; 0            ; 0       ; 0         ; 0    ; 0            ; 0          ; |Lab6_Part2_VHDL_ROM|Lab4_CPU:inst10|74151:inst50            ; 74151               ; work         ;
;          |f74151:sub|       ; 3 (3)               ; 0 (0)                     ; 0           ; 0          ; 0            ; 0       ; 0         ; 0    ; 0            ; 0          ; |Lab6_Part2_VHDL_ROM|Lab4_CPU:inst10|74151:inst50|f74151:sub ; f74151              ; work         ;
;       |74153:inst100|       ; 4 (4)               ; 0 (0)                     ; 0           ; 0          ; 0            ; 0       ; 0         ; 0    ; 0            ; 0          ; |Lab6_Part2_VHDL_ROM|Lab4_CPU:inst10|74153:inst100           ; 74153               ; work         ;
;       |74153:inst5|         ; 4 (4)               ; 0 (0)                     ; 0           ; 0          ; 0            ; 0       ; 0         ; 0    ; 0            ; 0          ; |Lab6_Part2_VHDL_ROM|Lab4_CPU:inst10|74153:inst5             ; 74153               ; work         ;
;       |74153:inst6|         ; 4 (4)               ; 0 (0)                     ; 0           ; 0          ; 0            ; 0       ; 0         ; 0    ; 0            ; 0          ; |Lab6_Part2_VHDL_ROM|Lab4_CPU:inst10|74153:inst6             ; 74153               ; work         ;
;       |74153:inst900|       ; 5 (5)               ; 0 (0)                     ; 0           ; 0          ; 0            ; 0       ; 0         ; 0    ; 0            ; 0          ; |Lab6_Part2_VHDL_ROM|Lab4_CPU:inst10|74153:inst900           ; 74153               ; work         ;
;       |74283:inst42|        ; 3 (0)               ; 0 (0)                     ; 0           ; 0          ; 0            ; 0       ; 0         ; 0    ; 0            ; 0          ; |Lab6_Part2_VHDL_ROM|Lab4_CPU:inst10|74283:inst42            ; 74283               ; work         ;
;          |f74283:sub|       ; 3 (3)               ; 0 (0)                     ; 0           ; 0          ; 0            ; 0       ; 0         ; 0    ; 0            ; 0          ; |Lab6_Part2_VHDL_ROM|Lab4_CPU:inst10|74283:inst42|f74283:sub ; f74283              ; work         ;
;    |Lab6_Part2VHDL:inst334| ; 14 (14)             ; 0 (0)                     ; 0           ; 0          ; 0            ; 0       ; 0         ; 0    ; 0            ; 0          ; |Lab6_Part2_VHDL_ROM|Lab6_Part2VHDL:inst334                  ; Lab6_Part2VHDL      ; work         ;
+-----------------------------+---------------------+---------------------------+-------------+------------+--------------+---------+-----------+------+--------------+------------+--------------------------------------------------------------+---------------------+--------------+
Note: For table entries with two numbers listed, the numbers in parentheses indicate the number of resources of the given type used by the specific entity alone. The numbers listed outside of parentheses indicate the total resources of the given type used by the specific entity and all of its sub-entities in the hierarchy.


+--------------------------------------------------------------------------------+
; Registers Removed During Synthesis                                             ;
+---------------------------------------+----------------------------------------+
; Register name                         ; Reason for Removal                     ;
+---------------------------------------+----------------------------------------+
; BOARD_VHDL_ROM:inst11|D_sig[3]        ; Stuck at GND due to stuck port data_in ;
; Total Number of Removed Registers = 1 ;                                        ;
+---------------------------------------+----------------------------------------+


+------------------------------------------------------+
; General Register Statistics                          ;
+----------------------------------------------+-------+
; Statistic                                    ; Value ;
+----------------------------------------------+-------+
; Total registers                              ; 21    ;
; Number of registers using Synchronous Clear  ; 0     ;
; Number of registers using Synchronous Load   ; 0     ;
; Number of registers using Asynchronous Clear ; 10    ;
; Number of registers using Asynchronous Load  ; 0     ;
; Number of registers using Clock Enable       ; 3     ;
; Number of registers using Preset             ; 0     ;
+----------------------------------------------+-------+


+-------------------------------------------------------------------------------------------------------------------------------------------------------------------------------+
; Multiplexer Restructuring Statistics (Restructuring Performed)                                                                                                                ;
+--------------------+-----------+---------------+----------------------+------------------------+------------+-----------------------------------------------------------------+
; Multiplexer Inputs ; Bus Width ; Baseline Area ; Area if Restructured ; Saving if Restructured ; Registered ; Example Multiplexer Output                                      ;
+--------------------+-----------+---------------+----------------------+------------------------+------------+-----------------------------------------------------------------+
; 7:1                ; 2 bits    ; 8 LEs         ; 8 LEs                ; 0 LEs                  ; No         ; |Lab6_Part2_VHDL_ROM|Lab4_CPU:inst10|74151:inst44|f74151:sub|81 ;
; 8:1                ; 2 bits    ; 10 LEs        ; 10 LEs               ; 0 LEs                  ; No         ; |Lab6_Part2_VHDL_ROM|Lab4_CPU:inst10|74151:inst47|f74151:sub|81 ;
+--------------------+-----------+---------------+----------------------+------------------------+------------+-----------------------------------------------------------------+


+-----------------------------------------------------------+
; Parameter Settings for User Entity Instance: 74161:inst14 ;
+------------------------+--------+-------------------------+
; Parameter Name         ; Value  ; Type                    ;
+------------------------+--------+-------------------------+
; DEVICE_FAMILY          ; MAX 10 ; Untyped                 ;
; AUTO_CARRY_CHAINS      ; ON     ; AUTO_CARRY              ;
; IGNORE_CARRY_BUFFERS   ; OFF    ; IGNORE_CARRY            ;
; AUTO_CASCADE_CHAINS    ; ON     ; AUTO_CASCADE            ;
; IGNORE_CASCADE_BUFFERS ; OFF    ; IGNORE_CASCADE          ;
+------------------------+--------+-------------------------+
Note: In order to hide this table in the UI and the text report file, please set the "Show Parameter Settings in Synthesis Report" option in "Analysis and Synthesis Settings -> More Settings" to "Off".


+---------------------------------------------------------------------------+
; Parameter Settings for User Entity Instance: Lab4_CPU:inst10|74283:inst42 ;
+------------------------+--------+-----------------------------------------+
; Parameter Name         ; Value  ; Type                                    ;
+------------------------+--------+-----------------------------------------+
; DEVICE_FAMILY          ; MAX 10 ; Untyped                                 ;
; AUTO_CARRY_CHAINS      ; ON     ; AUTO_CARRY                              ;
; IGNORE_CARRY_BUFFERS   ; OFF    ; IGNORE_CARRY                            ;
; AUTO_CASCADE_CHAINS    ; ON     ; AUTO_CASCADE                            ;
; IGNORE_CASCADE_BUFFERS ; OFF    ; IGNORE_CASCADE                          ;
+------------------------+--------+-----------------------------------------+
Note: In order to hide this table in the UI and the text report file, please set the "Show Parameter Settings in Synthesis Report" option in "Analysis and Synthesis Settings -> More Settings" to "Off".


+---------------------------------------------------------------------------+
; Parameter Settings for User Entity Instance: Lab4_CPU:inst10|74151:inst47 ;
+------------------------+--------+-----------------------------------------+
; Parameter Name         ; Value  ; Type                                    ;
+------------------------+--------+-----------------------------------------+
; DEVICE_FAMILY          ; MAX 10 ; Untyped                                 ;
; AUTO_CARRY_CHAINS      ; ON     ; AUTO_CARRY                              ;
; IGNORE_CARRY_BUFFERS   ; OFF    ; IGNORE_CARRY                            ;
; AUTO_CASCADE_CHAINS    ; ON     ; AUTO_CASCADE                            ;
; IGNORE_CASCADE_BUFFERS ; OFF    ; IGNORE_CASCADE                          ;
+------------------------+--------+-----------------------------------------+
Note: In order to hide this table in the UI and the text report file, please set the "Show Parameter Settings in Synthesis Report" option in "Analysis and Synthesis Settings -> More Settings" to "Off".


+---------------------------------------------------------------------------+
; Parameter Settings for User Entity Instance: Lab4_CPU:inst10|74151:inst44 ;
+------------------------+--------+-----------------------------------------+
; Parameter Name         ; Value  ; Type                                    ;
+------------------------+--------+-----------------------------------------+
; DEVICE_FAMILY          ; MAX 10 ; Untyped                                 ;
; AUTO_CARRY_CHAINS      ; ON     ; AUTO_CARRY                              ;
; IGNORE_CARRY_BUFFERS   ; OFF    ; IGNORE_CARRY                            ;
; AUTO_CASCADE_CHAINS    ; ON     ; AUTO_CASCADE                            ;
; IGNORE_CASCADE_BUFFERS ; OFF    ; IGNORE_CASCADE                          ;
+------------------------+--------+-----------------------------------------+
Note: In order to hide this table in the UI and the text report file, please set the "Show Parameter Settings in Synthesis Report" option in "Analysis and Synthesis Settings -> More Settings" to "Off".


+---------------------------------------------------------------------------+
; Parameter Settings for User Entity Instance: Lab4_CPU:inst10|74151:inst48 ;
+------------------------+--------+-----------------------------------------+
; Parameter Name         ; Value  ; Type                                    ;
+------------------------+--------+-----------------------------------------+
; DEVICE_FAMILY          ; MAX 10 ; Untyped                                 ;
; AUTO_CARRY_CHAINS      ; ON     ; AUTO_CARRY                              ;
; IGNORE_CARRY_BUFFERS   ; OFF    ; IGNORE_CARRY                            ;
; AUTO_CASCADE_CHAINS    ; ON     ; AUTO_CASCADE                            ;
; IGNORE_CASCADE_BUFFERS ; OFF    ; IGNORE_CASCADE                          ;
+------------------------+--------+-----------------------------------------+
Note: In order to hide this table in the UI and the text report file, please set the "Show Parameter Settings in Synthesis Report" option in "Analysis and Synthesis Settings -> More Settings" to "Off".


+---------------------------------------------------------------------------+
; Parameter Settings for User Entity Instance: Lab4_CPU:inst10|74151:inst50 ;
+------------------------+--------+-----------------------------------------+
; Parameter Name         ; Value  ; Type                                    ;
+------------------------+--------+-----------------------------------------+
; DEVICE_FAMILY          ; MAX 10 ; Untyped                                 ;
; AUTO_CARRY_CHAINS      ; ON     ; AUTO_CARRY                              ;
; IGNORE_CARRY_BUFFERS   ; OFF    ; IGNORE_CARRY                            ;
; AUTO_CASCADE_CHAINS    ; ON     ; AUTO_CASCADE                            ;
; IGNORE_CASCADE_BUFFERS ; OFF    ; IGNORE_CASCADE                          ;
+------------------------+--------+-----------------------------------------+
Note: In order to hide this table in the UI and the text report file, please set the "Show Parameter Settings in Synthesis Report" option in "Analysis and Synthesis Settings -> More Settings" to "Off".


+-----------------------------------------------------+
; Post-Synthesis Netlist Statistics for Top Partition ;
+-----------------------+-----------------------------+
; Type                  ; Count                       ;
+-----------------------+-----------------------------+
; boundary_port         ; 50                          ;
; cycloneiii_ff         ; 21                          ;
;     CLR               ; 7                           ;
;     ENA CLR           ; 3                           ;
;     plain             ; 11                          ;
; cycloneiii_lcell_comb ; 65                          ;
;     normal            ; 65                          ;
;         0 data inputs ; 2                           ;
;         1 data inputs ; 2                           ;
;         2 data inputs ; 6                           ;
;         3 data inputs ; 12                          ;
;         4 data inputs ; 43                          ;
;                       ;                             ;
; Max LUT depth         ; 7.00                        ;
; Average LUT depth     ; 4.02                        ;
+-----------------------+-----------------------------+


+-------------------------------+
; Elapsed Time Per Partition    ;
+----------------+--------------+
; Partition Name ; Elapsed Time ;
+----------------+--------------+
; Top            ; 00:00:01     ;
+----------------+--------------+


+-------------------------------+
; Analysis & Synthesis Messages ;
+-------------------------------+
Info: *******************************************************************
Info: Running Quartus Prime Analysis & Synthesis
    Info: Version 18.1.0 Build 625 09/12/2018 SJ Lite Edition
    Info: Processing started: Tue Nov 05 12:03:34 2019
Info: Command: quartus_map --read_settings_files=on --write_settings_files=off Lab6_Part2_VHDL_ROM -c Lab6_Part2_VHDL_ROM
Warning (18236): Number of processors has not been specified which may cause overloading on shared machines.  Set the global assignment NUM_PARALLEL_PROCESSORS in your QSF to an appropriate value for best performance.
Info (20030): Parallel compilation is enabled and will use 4 of the 4 processors detected
Info (12021): Found 1 design units, including 1 entities, in source file lab6_part2_vhdl_rom.bdf
    Info (12023): Found entity 1: Lab6_Part2_VHDL_ROM
Info (12021): Found 2 design units, including 1 entities, in source file board_vhdl_rom.vhd
    Info (12022): Found design unit 1: BOARD_VHDL_ROM-behavior File: C:/Users/conno/Desktop/Lab6_Part2_VHDL_ROM/board_vhdl_ROM.vhd Line: 12
    Info (12023): Found entity 1: BOARD_VHDL_ROM File: C:/Users/conno/Desktop/Lab6_Part2_VHDL_ROM/board_vhdl_ROM.vhd Line: 6
Info (12021): Found 1 design units, including 0 entities, in source file board_rom_vhdl_init.vhd
    Info (12022): Found design unit 1: BOARD_ROM_VHDL_INIT File: C:/Users/conno/Desktop/Lab6_Part2_VHDL_ROM/board_ROM_vhdl_init.vhd Line: 4
Info (12127): Elaborating entity "Lab6_Part2_VHDL_ROM" for the top level hierarchy
Warning (275011): Block or symbol "GND" of instance "inst13" overlaps another block or symbol
Warning (12125): Using design file lab6_part2vhdl.vhd, which is not specified as a design file for the current project, but contains definitions for 2 design units and 1 entities in project
    Info (12022): Found design unit 1: Lab6_Part2VHDL-logic File: C:/Users/conno/Desktop/Lab6_Part2_VHDL_ROM/lab6_part2vhdl.vhd Line: 11
    Info (12023): Found entity 1: Lab6_Part2VHDL File: C:/Users/conno/Desktop/Lab6_Part2_VHDL_ROM/lab6_part2vhdl.vhd Line: 2
Info (12128): Elaborating entity "Lab6_Part2VHDL" for hierarchy "Lab6_Part2VHDL:inst334"
Info (12128): Elaborating entity "21mux" for hierarchy "21mux:inst"
Info (12130): Elaborated megafunction instantiation "21mux:inst"
Info (12128): Elaborating entity "BOARD_VHDL_ROM" for hierarchy "BOARD_VHDL_ROM:inst11"
Info (12128): Elaborating entity "74161" for hierarchy "74161:inst14"
Info (12130): Elaborated megafunction instantiation "74161:inst14"
Info (12128): Elaborating entity "f74161" for hierarchy "74161:inst14|f74161:sub" File: c:/intelfpga_lite/18.1/quartus/libraries/others/maxplus2/74161.tdf Line: 33
Info (12131): Elaborated megafunction instantiation "74161:inst14|f74161:sub", which is child of megafunction instantiation "74161:inst14" File: c:/intelfpga_lite/18.1/quartus/libraries/others/maxplus2/74161.tdf Line: 33
Warning (12125): Using design file lab4_cpu.bdf, which is not specified as a design file for the current project, but contains definitions for 1 design units and 1 entities in project
    Info (12023): Found entity 1: Lab4_CPU
Info (12128): Elaborating entity "Lab4_CPU" for hierarchy "Lab4_CPU:inst10"
Info (12128): Elaborating entity "74283" for hierarchy "Lab4_CPU:inst10|74283:inst42"
Info (12130): Elaborated megafunction instantiation "Lab4_CPU:inst10|74283:inst42"
Info (12128): Elaborating entity "f74283" for hierarchy "Lab4_CPU:inst10|74283:inst42|f74283:sub" File: c:/intelfpga_lite/18.1/quartus/libraries/others/maxplus2/74283.tdf Line: 24
Info (12131): Elaborated megafunction instantiation "Lab4_CPU:inst10|74283:inst42|f74283:sub", which is child of megafunction instantiation "Lab4_CPU:inst10|74283:inst42" File: c:/intelfpga_lite/18.1/quartus/libraries/others/maxplus2/74283.tdf Line: 24
Info (12128): Elaborating entity "74153" for hierarchy "Lab4_CPU:inst10|74153:inst900"
Info (12130): Elaborated megafunction instantiation "Lab4_CPU:inst10|74153:inst900"
Info (12128): Elaborating entity "74151" for hierarchy "Lab4_CPU:inst10|74151:inst47"
Info (12130): Elaborated megafunction instantiation "Lab4_CPU:inst10|74151:inst47"
Info (12128): Elaborating entity "f74151" for hierarchy "Lab4_CPU:inst10|74151:inst47|f74151:sub" File: c:/intelfpga_lite/18.1/quartus/libraries/others/maxplus2/74151.tdf Line: 24
Info (12131): Elaborated megafunction instantiation "Lab4_CPU:inst10|74151:inst47|f74151:sub", which is child of megafunction instantiation "Lab4_CPU:inst10|74151:inst47" File: c:/intelfpga_lite/18.1/quartus/libraries/others/maxplus2/74151.tdf Line: 24
Info (12128): Elaborating entity "74151" for hierarchy "Lab4_CPU:inst10|74151:inst44"
Info (12130): Elaborated megafunction instantiation "Lab4_CPU:inst10|74151:inst44"
Info (12128): Elaborating entity "74151" for hierarchy "Lab4_CPU:inst10|74151:inst50"
Info (12130): Elaborated megafunction instantiation "Lab4_CPU:inst10|74151:inst50"
Info (13014): Ignored 26 buffer(s)
    Info (13015): Ignored 8 CARRY buffer(s)
    Info (13017): Ignored 8 CASCADE buffer(s)
    Info (13019): Ignored 10 SOFT buffer(s)
Warning (13044): Always-enabled tri-state buffer(s) removed
    Warning (13045): Converted the fanout from the always-enabled tri-state buffer "BOARD_VHDL_ROM:inst11|D[2]" to the node "Data[2]" into a wire File: C:/Users/conno/Desktop/Lab6_Part2_VHDL_ROM/board_vhdl_ROM.vhd Line: 8
    Warning (13045): Converted the fanout from the always-enabled tri-state buffer "BOARD_VHDL_ROM:inst11|D[1]" to the node "Data[1]" into a wire File: C:/Users/conno/Desktop/Lab6_Part2_VHDL_ROM/board_vhdl_ROM.vhd Line: 8
    Warning (13045): Converted the fanout from the always-enabled tri-state buffer "BOARD_VHDL_ROM:inst11|D[0]" to the node "Data[0]" into a wire File: C:/Users/conno/Desktop/Lab6_Part2_VHDL_ROM/board_vhdl_ROM.vhd Line: 8
Warning (13050): Open-drain buffer(s) that do not directly drive top-level pin(s) are removed
    Warning (13051): Converted the fanout from the open-drain buffer "BOARD_VHDL_ROM:inst11|D[3]" to the node "Lab4_CPU:inst10|74153:inst900|9" into a wire File: C:/Users/conno/Desktop/Lab6_Part2_VHDL_ROM/board_vhdl_ROM.vhd Line: 8
Warning (13046): Tri-state node(s) do not directly drive top-level pin(s)
    Warning (13047): Converted the fan-out from the tri-state buffer "BOARD_VHDL_ROM:inst11|D[2]" to the node "inst3" into an OR gate File: C:/Users/conno/Desktop/Lab6_Part2_VHDL_ROM/board_vhdl_ROM.vhd Line: 8
    Warning (13047): Converted the fan-out from the tri-state buffer "BOARD_VHDL_ROM:inst11|D[1]" to the node "inst4" into an OR gate File: C:/Users/conno/Desktop/Lab6_Part2_VHDL_ROM/board_vhdl_ROM.vhd Line: 8
    Warning (13047): Converted the fan-out from the tri-state buffer "BOARD_VHDL_ROM:inst11|D[0]" to the node "inst5" into an OR gate File: C:/Users/conno/Desktop/Lab6_Part2_VHDL_ROM/board_vhdl_ROM.vhd Line: 8
Warning (13030): Reduced the following open-drain buffers that are fed by GND
    Warning (13031): Reduced fanout from the always-enabled open-drain buffer "BOARD_VHDL_ROM:inst11|D[3]" to the output pin "Data[3]" to GND File: C:/Users/conno/Desktop/Lab6_Part2_VHDL_ROM/board_vhdl_ROM.vhd Line: 8
Warning (13024): Output pins are stuck at VCC or GND
    Warning (13410): Pin "Data[3]" is stuck at GND
    Warning (13410): Pin "A[14]" is stuck at GND
    Warning (13410): Pin "A[13]" is stuck at VCC
    Warning (13410): Pin "A[12]" is stuck at VCC
    Warning (13410): Pin "A[11]" is stuck at VCC
    Warning (13410): Pin "A[10]" is stuck at VCC
    Warning (13410): Pin "A[9]" is stuck at VCC
    Warning (13410): Pin "A[8]" is stuck at GND
    Warning (13410): Pin "A[7]" is stuck at GND
    Warning (13410): Pin "A[6]" is stuck at VCC
    Warning (13410): Pin "A[5]" is stuck at VCC
    Warning (13410): Pin "A[4]" is stuck at VCC
Info (286030): Timing-Driven Synthesis is running
Info (16010): Generating hard_block partition "hard_block:auto_generated_inst"
    Info (16011): Adding 0 node(s), including 0 DDIO, 0 PLL, 0 transceiver and 0 LCELL
Info (21057): Implemented 115 device resources after synthesis - the final resource count might be different
    Info (21058): Implemented 2 input pins
    Info (21059): Implemented 48 output pins
    Info (21061): Implemented 65 logic cells
Info: Quartus Prime Analysis & Synthesis was successful. 0 errors, 29 warnings
    Info: Peak virtual memory: 4816 megabytes
    Info: Processing ended: Tue Nov 05 12:03:46 2019
    Info: Elapsed time: 00:00:12
    Info: Total CPU time (on all processors): 00:00:22


